\BOOKMARK [0][-]{chapter.1}{\376\377\0001\000\040\000K\000a\000m\000i\000l\000\040\000E\000d\000i\000t\000o\000r}{}% 1
\BOOKMARK [1][-]{section.1.1}{\376\377\0001\000.\0001\000\040\000A\000n\000a\000l\000y\000s\000i\000s}{chapter.1}% 2
\BOOKMARK [2][-]{subsection.1.1.1}{\376\377\0001\000.\0001\000.\0001\000\040\000B\000a\000c\000k\000g\000r\000o\000u\000n\000d\000\040\000a\000n\000d\000\040\000I\000d\000e\000n\000t\000i\000f\000y\000i\000n\000g\000\040\000t\000h\000e\000\040\000p\000r\000o\000b\000l\000e\000m}{section.1.1}% 3
\BOOKMARK [2][-]{subsection.1.1.2}{\376\377\0001\000.\0001\000.\0002\000\040\000E\000n\000d\000\040\000U\000s\000e\000r\000\040\000n\000e\000e\000d\000s}{section.1.1}% 4
\BOOKMARK [2][-]{subsection.1.1.3}{\376\377\0001\000.\0001\000.\0003\000\040\000L\000i\000m\000i\000t\000a\000t\000i\000o\000n\000s}{section.1.1}% 5
\BOOKMARK [2][-]{subsection.1.1.4}{\376\377\0001\000.\0001\000.\0004\000\040\000D\000e\000s\000i\000g\000n}{section.1.1}% 6
\BOOKMARK [3][-]{subsubsection.1.1.4.1}{\376\377\0001\000.\0001\000.\0004\000.\0001\000\040\000D\000e\000s\000i\000g\000n\000\040\000C\000h\000o\000i\000c\000e\000s}{subsection.1.1.4}% 7
\BOOKMARK [0][-]{chapter.2}{\376\377\0002\000\040\000N\000a\000m\000e\000s\000p\000a\000c\000e\000\040\000I\000n\000d\000e\000x}{}% 8
\BOOKMARK [1][-]{section.2.1}{\376\377\0002\000.\0001\000\040\000N\000a\000m\000e\000s\000p\000a\000c\000e\000\040\000L\000i\000s\000t}{chapter.2}% 9
\BOOKMARK [0][-]{chapter.3}{\376\377\0003\000\040\000H\000i\000e\000r\000a\000r\000c\000h\000i\000c\000a\000l\000\040\000I\000n\000d\000e\000x}{}% 10
\BOOKMARK [1][-]{section.3.1}{\376\377\0003\000.\0001\000\040\000C\000l\000a\000s\000s\000\040\000H\000i\000e\000r\000a\000r\000c\000h\000y}{chapter.3}% 11
\BOOKMARK [0][-]{chapter.4}{\376\377\0004\000\040\000C\000l\000a\000s\000s\000\040\000I\000n\000d\000e\000x}{}% 12
\BOOKMARK [1][-]{section.4.1}{\376\377\0004\000.\0001\000\040\000C\000l\000a\000s\000s\000\040\000L\000i\000s\000t}{chapter.4}% 13
\BOOKMARK [0][-]{chapter.5}{\376\377\0005\000\040\000F\000i\000l\000e\000\040\000I\000n\000d\000e\000x}{}% 14
\BOOKMARK [1][-]{section.5.1}{\376\377\0005\000.\0001\000\040\000F\000i\000l\000e\000\040\000L\000i\000s\000t}{chapter.5}% 15
\BOOKMARK [0][-]{chapter.6}{\376\377\0006\000\040\000N\000a\000m\000e\000s\000p\000a\000c\000e\000\040\000D\000o\000c\000u\000m\000e\000n\000t\000a\000t\000i\000o\000n}{}% 16
\BOOKMARK [1][-]{section.6.1}{\376\377\0006\000.\0001\000\040\000C\000o\000m\000m\000a\000n\000d\000\040\000N\000a\000m\000e\000s\000p\000a\000c\000e\000\040\000R\000e\000f\000e\000r\000e\000n\000c\000e}{chapter.6}% 17
\BOOKMARK [2][-]{subsection.6.1.1}{\376\377\0006\000.\0001\000.\0001\000\040\000D\000e\000t\000a\000i\000l\000e\000d\000\040\000D\000e\000s\000c\000r\000i\000p\000t\000i\000o\000n}{section.6.1}% 18
\BOOKMARK [1][-]{section.6.2}{\376\377\0006\000.\0002\000\040\000K\000E\000Y\000S\000\040\000N\000a\000m\000e\000s\000p\000a\000c\000e\000\040\000R\000e\000f\000e\000r\000e\000n\000c\000e}{chapter.6}% 19
\BOOKMARK [2][-]{subsection.6.2.1}{\376\377\0006\000.\0002\000.\0001\000\040\000D\000e\000t\000a\000i\000l\000e\000d\000\040\000D\000e\000s\000c\000r\000i\000p\000t\000i\000o\000n}{section.6.2}% 20
\BOOKMARK [2][-]{subsection.6.2.2}{\376\377\0006\000.\0002\000.\0002\000\040\000E\000n\000u\000m\000e\000r\000a\000t\000i\000o\000n\000\040\000T\000y\000p\000e\000\040\000D\000o\000c\000u\000m\000e\000n\000t\000a\000t\000i\000o\000n}{section.6.2}% 21
\BOOKMARK [3][-]{subsubsection.6.2.2.1}{\376\377\0006\000.\0002\000.\0002\000.\0001\000\040\000a\000n\000o\000n\000y\000m\000o\000u\000s\000\040\000e\000n\000u\000m}{subsection.6.2.2}% 22
\BOOKMARK [0][-]{chapter.7}{\376\377\0007\000\040\000C\000l\000a\000s\000s\000\040\000D\000o\000c\000u\000m\000e\000n\000t\000a\000t\000i\000o\000n}{}% 23
\BOOKMARK [1][-]{section.7.1}{\376\377\0007\000.\0001\000\040\000C\000m\000d\000B\000o\000x\000\040\000C\000l\000a\000s\000s\000\040\000R\000e\000f\000e\000r\000e\000n\000c\000e}{chapter.7}% 24
\BOOKMARK [2][-]{subsection.7.1.1}{\376\377\0007\000.\0001\000.\0001\000\040\000D\000e\000t\000a\000i\000l\000e\000d\000\040\000D\000e\000s\000c\000r\000i\000p\000t\000i\000o\000n}{section.7.1}% 25
\BOOKMARK [2][-]{subsection.7.1.2}{\376\377\0007\000.\0001\000.\0002\000\040\000M\000e\000m\000b\000e\000r\000\040\000F\000u\000n\000c\000t\000i\000o\000n\000\040\000D\000o\000c\000u\000m\000e\000n\000t\000a\000t\000i\000o\000n}{section.7.1}% 26
\BOOKMARK [3][-]{subsubsection.7.1.2.1}{\376\377\0007\000.\0001\000.\0002\000.\0001\000\040\000T\000e\000x\000t\000B\000o\000x\000\050\000\051\000\040\000[\0001\000/\0002\000]}{subsection.7.1.2}% 27
\BOOKMARK [3][-]{subsubsection.7.1.2.2}{\376\377\0007\000.\0001\000.\0002\000.\0002\000\040\000T\000e\000x\000t\000B\000o\000x\000\050\000\051\000\040\000[\0002\000/\0002\000]}{subsection.7.1.2}% 28
\BOOKMARK [1][-]{section.7.2}{\376\377\0007\000.\0002\000\040\000D\000o\000c\000u\000m\000e\000n\000t\000\040\000C\000l\000a\000s\000s\000\040\000R\000e\000f\000e\000r\000e\000n\000c\000e}{chapter.7}% 29
\BOOKMARK [2][-]{subsection.7.2.1}{\376\377\0007\000.\0002\000.\0001\000\040\000D\000e\000t\000a\000i\000l\000e\000d\000\040\000D\000e\000s\000c\000r\000i\000p\000t\000i\000o\000n}{section.7.2}% 30
\BOOKMARK [2][-]{subsection.7.2.2}{\376\377\0007\000.\0002\000.\0002\000\040\000C\000o\000n\000s\000t\000r\000u\000c\000t\000o\000r\000\040\000\046\000\040\000D\000e\000s\000t\000r\000u\000c\000t\000o\000r\000\040\000D\000o\000c\000u\000m\000e\000n\000t\000a\000t\000i\000o\000n}{section.7.2}% 31
\BOOKMARK [3][-]{subsubsection.7.2.2.1}{\376\377\0007\000.\0002\000.\0002\000.\0001\000\040\000D\000o\000c\000u\000m\000e\000n\000t\000\050\000\051\000\040\000[\0001\000/\0002\000]}{subsection.7.2.2}% 32
\BOOKMARK [3][-]{subsubsection.7.2.2.2}{\376\377\0007\000.\0002\000.\0002\000.\0002\000\040\000D\000o\000c\000u\000m\000e\000n\000t\000\050\000\051\000\040\000[\0002\000/\0002\000]}{subsection.7.2.2}% 33
\BOOKMARK [2][-]{subsection.7.2.3}{\376\377\0007\000.\0002\000.\0003\000\040\000M\000e\000m\000b\000e\000r\000\040\000F\000u\000n\000c\000t\000i\000o\000n\000\040\000D\000o\000c\000u\000m\000e\000n\000t\000a\000t\000i\000o\000n}{section.7.2}% 34
\BOOKMARK [3][-]{subsubsection.7.2.3.1}{\376\377\0007\000.\0002\000.\0003\000.\0001\000\040\000c\000r\000e\000a\000t\000e\000D\000i\000r\000\050\000\051}{subsection.7.2.3}% 35
\BOOKMARK [3][-]{subsubsection.7.2.3.2}{\376\377\0007\000.\0002\000.\0003\000.\0002\000\040\000c\000r\000e\000a\000t\000e\000F\000i\000l\000e\000\050\000\051}{subsection.7.2.3}% 36
\BOOKMARK [3][-]{subsubsection.7.2.3.3}{\376\377\0007\000.\0002\000.\0003\000.\0003\000\040\000d\000o\000c\000H\000a\000s\000T\000e\000x\000t\000\050\000\051}{subsection.7.2.3}% 37
\BOOKMARK [3][-]{subsubsection.7.2.3.4}{\376\377\0007\000.\0002\000.\0003\000.\0004\000\040\000g\000e\000t\000A\000b\000s\000P\000a\000t\000h\000\050\000\051}{subsection.7.2.3}% 38
\BOOKMARK [3][-]{subsubsection.7.2.3.5}{\376\377\0007\000.\0002\000.\0003\000.\0005\000\040\000g\000e\000t\000L\000i\000n\000e\000C\000o\000u\000n\000t\000\050\000\051}{subsection.7.2.3}% 39
\BOOKMARK [3][-]{subsubsection.7.2.3.6}{\376\377\0007\000.\0002\000.\0003\000.\0006\000\040\000g\000e\000t\000R\000e\000l\000P\000a\000t\000h\000\050\000\051}{subsection.7.2.3}% 40
\BOOKMARK [3][-]{subsubsection.7.2.3.7}{\376\377\0007\000.\0002\000.\0003\000.\0007\000\040\000h\000a\000s\000C\000h\000a\000n\000g\000e\000d\000\050\000\051}{subsection.7.2.3}% 41
\BOOKMARK [3][-]{subsubsection.7.2.3.8}{\376\377\0007\000.\0002\000.\0003\000.\0008\000\040\000i\000n\000i\000t\000\050\000\051\000\040\000[\0001\000/\0002\000]}{subsection.7.2.3}% 42
\BOOKMARK [3][-]{subsubsection.7.2.3.9}{\376\377\0007\000.\0002\000.\0003\000.\0009\000\040\000i\000n\000i\000t\000\050\000\051\000\040\000[\0002\000/\0002\000]}{subsection.7.2.3}% 43
\BOOKMARK [3][-]{subsubsection.7.2.3.10}{\376\377\0007\000.\0002\000.\0003\000.\0001\0000\000\040\000r\000e\000a\000d\000F\000i\000l\000e\000\050\000\051}{subsection.7.2.3}% 44
\BOOKMARK [3][-]{subsubsection.7.2.3.11}{\376\377\0007\000.\0002\000.\0003\000.\0001\0001\000\040\000s\000a\000v\000e\000F\000i\000l\000e\000\050\000\051\000\040\000[\0001\000/\0002\000]}{subsection.7.2.3}% 45
\BOOKMARK [3][-]{subsubsection.7.2.3.12}{\376\377\0007\000.\0002\000.\0003\000.\0001\0002\000\040\000s\000a\000v\000e\000F\000i\000l\000e\000\050\000\051\000\040\000[\0002\000/\0002\000]}{subsection.7.2.3}% 46
\BOOKMARK [3][-]{subsubsection.7.2.3.13}{\376\377\0007\000.\0002\000.\0003\000.\0001\0003\000\040\000s\000e\000t\000B\000u\000f\000f\000I\000n\000f\000o\000\050\000\051}{subsection.7.2.3}% 47
\BOOKMARK [3][-]{subsubsection.7.2.3.14}{\376\377\0007\000.\0002\000.\0003\000.\0001\0004\000\040\000s\000e\000t\000C\000h\000a\000n\000g\000e\000\050\000\051}{subsection.7.2.3}% 48
\BOOKMARK [2][-]{subsection.7.2.4}{\376\377\0007\000.\0002\000.\0004\000\040\000M\000e\000m\000b\000e\000r\000\040\000D\000a\000t\000a\000\040\000D\000o\000c\000u\000m\000e\000n\000t\000a\000t\000i\000o\000n}{section.7.2}% 49
\BOOKMARK [3][-]{subsubsection.7.2.4.1}{\376\377\0007\000.\0002\000.\0004\000.\0001\000\040\000a\000b\000s\000P\000a\000t\000h}{subsection.7.2.4}% 50
\BOOKMARK [3][-]{subsubsection.7.2.4.2}{\376\377\0007\000.\0002\000.\0004\000.\0002\000\040\000b\000u\000f\000f\000I\000n\000f\000o}{subsection.7.2.4}% 51
\BOOKMARK [3][-]{subsubsection.7.2.4.3}{\376\377\0007\000.\0002\000.\0004\000.\0003\000\040\000d\000o\000c\000C\000h\000a\000n\000g\000e\000d}{subsection.7.2.4}% 52
\BOOKMARK [3][-]{subsubsection.7.2.4.4}{\376\377\0007\000.\0002\000.\0004\000.\0004\000\040\000r\000e\000l\000P\000a\000t\000h}{subsection.7.2.4}% 53
\BOOKMARK [1][-]{section.7.3}{\376\377\0007\000.\0003\000\040\000E\000d\000i\000t\000o\000r\000\040\000C\000l\000a\000s\000s\000\040\000R\000e\000f\000e\000r\000e\000n\000c\000e}{chapter.7}% 54
\BOOKMARK [2][-]{subsection.7.3.1}{\376\377\0007\000.\0003\000.\0001\000\040\000D\000e\000t\000a\000i\000l\000e\000d\000\040\000D\000e\000s\000c\000r\000i\000p\000t\000i\000o\000n}{section.7.3}% 55
\BOOKMARK [2][-]{subsection.7.3.2}{\376\377\0007\000.\0003\000.\0002\000\040\000C\000o\000n\000s\000t\000r\000u\000c\000t\000o\000r\000\040\000\046\000\040\000D\000e\000s\000t\000r\000u\000c\000t\000o\000r\000\040\000D\000o\000c\000u\000m\000e\000n\000t\000a\000t\000i\000o\000n}{section.7.3}% 56
\BOOKMARK [3][-]{subsubsection.7.3.2.1}{\376\377\0007\000.\0003\000.\0002\000.\0001\000\040\000E\000d\000i\000t\000o\000r\000\050\000\051}{subsection.7.3.2}% 57
\BOOKMARK [3][-]{subsubsection.7.3.2.2}{\376\377\0007\000.\0003\000.\0002\000.\0002\000\040\000\040\000E\000d\000i\000t\000o\000r\000\050\000\051}{subsection.7.3.2}% 58
\BOOKMARK [2][-]{subsection.7.3.3}{\376\377\0007\000.\0003\000.\0003\000\040\000M\000e\000m\000b\000e\000r\000\040\000F\000u\000n\000c\000t\000i\000o\000n\000\040\000D\000o\000c\000u\000m\000e\000n\000t\000a\000t\000i\000o\000n}{section.7.3}% 59
\BOOKMARK [3][-]{subsubsection.7.3.3.1}{\376\377\0007\000.\0003\000.\0003\000.\0001\000\040\000d\000r\000a\000w\000\050\000\051}{subsection.7.3.3}% 60
\BOOKMARK [3][-]{subsubsection.7.3.3.2}{\376\377\0007\000.\0003\000.\0003\000.\0002\000\040\000h\000a\000n\000d\000l\000e\000E\000v\000e\000n\000t\000\050\000\051}{subsection.7.3.3}% 61
\BOOKMARK [3][-]{subsubsection.7.3.3.3}{\376\377\0007\000.\0003\000.\0003\000.\0003\000\040\000m\000a\000k\000e\000L\000i\000n\000e\000N\000u\000m\000\050\000\051}{subsection.7.3.3}% 62
\BOOKMARK [2][-]{subsection.7.3.4}{\376\377\0007\000.\0003\000.\0004\000\040\000M\000e\000m\000b\000e\000r\000\040\000D\000a\000t\000a\000\040\000D\000o\000c\000u\000m\000e\000n\000t\000a\000t\000i\000o\000n}{section.7.3}% 63
\BOOKMARK [3][-]{subsubsection.7.3.4.1}{\376\377\0007\000.\0003\000.\0004\000.\0001\000\040\000c\000a\000m\000e\000r\000a}{subsection.7.3.4}% 64
\BOOKMARK [3][-]{subsubsection.7.3.4.2}{\376\377\0007\000.\0003\000.\0004\000.\0002\000\040\000c\000b\000o\000x}{subsection.7.3.4}% 65
\BOOKMARK [3][-]{subsubsection.7.3.4.3}{\376\377\0007\000.\0003\000.\0004\000.\0003\000\040\000d\000o\000c}{subsection.7.3.4}% 66
\BOOKMARK [3][-]{subsubsection.7.3.4.4}{\376\377\0007\000.\0003\000.\0004\000.\0004\000\040\000e\000v\000e\000n\000t}{subsection.7.3.4}% 67
\BOOKMARK [3][-]{subsubsection.7.3.4.5}{\376\377\0007\000.\0003\000.\0004\000.\0005\000\040\000k\000b}{subsection.7.3.4}% 68
\BOOKMARK [3][-]{subsubsection.7.3.4.6}{\376\377\0007\000.\0003\000.\0004\000.\0006\000\040\000l\000i\000n\000e\000B\000o\000x}{subsection.7.3.4}% 69
\BOOKMARK [3][-]{subsubsection.7.3.4.7}{\376\377\0007\000.\0003\000.\0004\000.\0007\000\040\000l\000o\000a\000d\000F\000r\000o\000m\000F\000i\000l\000e}{subsection.7.3.4}% 70
\BOOKMARK [3][-]{subsubsection.7.3.4.8}{\376\377\0007\000.\0003\000.\0004\000.\0008\000\040\000t\000e\000x\000t\000B\000o\000x}{subsection.7.3.4}% 71
\BOOKMARK [3][-]{subsubsection.7.3.4.9}{\376\377\0007\000.\0003\000.\0004\000.\0009\000\040\000w\000i\000n\000d\000o\000w}{subsection.7.3.4}% 72
\BOOKMARK [1][-]{section.7.4}{\376\377\0007\000.\0004\000\040\000E\000d\000i\000t\000o\000r\000C\000a\000m\000\040\000C\000l\000a\000s\000s\000\040\000R\000e\000f\000e\000r\000e\000n\000c\000e}{chapter.7}% 73
\BOOKMARK [2][-]{subsection.7.4.1}{\376\377\0007\000.\0004\000.\0001\000\040\000C\000o\000n\000s\000t\000r\000u\000c\000t\000o\000r\000\040\000\046\000\040\000D\000e\000s\000t\000r\000u\000c\000t\000o\000r\000\040\000D\000o\000c\000u\000m\000e\000n\000t\000a\000t\000i\000o\000n}{section.7.4}% 74
\BOOKMARK [3][-]{subsubsection.7.4.1.1}{\376\377\0007\000.\0004\000.\0001\000.\0001\000\040\000E\000d\000i\000t\000o\000r\000C\000a\000m\000\050\000\051}{subsection.7.4.1}% 75
\BOOKMARK [2][-]{subsection.7.4.2}{\376\377\0007\000.\0004\000.\0002\000\040\000M\000e\000m\000b\000e\000r\000\040\000F\000u\000n\000c\000t\000i\000o\000n\000\040\000D\000o\000c\000u\000m\000e\000n\000t\000a\000t\000i\000o\000n}{section.7.4}% 76
\BOOKMARK [3][-]{subsubsection.7.4.2.1}{\376\377\0007\000.\0004\000.\0002\000.\0001\000\040\000d\000r\000a\000w\000\050\000\051}{subsection.7.4.2}% 77
\BOOKMARK [3][-]{subsubsection.7.4.2.2}{\376\377\0007\000.\0004\000.\0002\000.\0002\000\040\000g\000e\000t\000B\000o\000t\000t\000o\000m\000L\000i\000m\000i\000t\000P\000x\000\050\000\051}{subsection.7.4.2}% 78
\BOOKMARK [3][-]{subsubsection.7.4.2.3}{\376\377\0007\000.\0004\000.\0002\000.\0003\000\040\000g\000e\000t\000L\000i\000n\000e\000H\000e\000i\000g\000h\000t\000\050\000\051}{subsection.7.4.2}% 79
\BOOKMARK [3][-]{subsubsection.7.4.2.4}{\376\377\0007\000.\0004\000.\0002\000.\0004\000\040\000g\000e\000t\000R\000i\000g\000h\000t\000L\000i\000m\000i\000t\000P\000x\000\050\000\051}{subsection.7.4.2}% 80
\BOOKMARK [3][-]{subsubsection.7.4.2.5}{\376\377\0007\000.\0004\000.\0002\000.\0005\000\040\000r\000o\000t\000a\000t\000e\000L\000e\000f\000t\000\050\000\051}{subsection.7.4.2}% 81
\BOOKMARK [3][-]{subsubsection.7.4.2.6}{\376\377\0007\000.\0004\000.\0002\000.\0006\000\040\000r\000o\000t\000a\000t\000e\000R\000i\000g\000h\000t\000\050\000\051}{subsection.7.4.2}% 82
\BOOKMARK [3][-]{subsubsection.7.4.2.7}{\376\377\0007\000.\0004\000.\0002\000.\0007\000\040\000s\000c\000r\000o\000l\000l\000D\000o\000w\000n\000\050\000\051}{subsection.7.4.2}% 83
\BOOKMARK [3][-]{subsubsection.7.4.2.8}{\376\377\0007\000.\0004\000.\0002\000.\0008\000\040\000s\000c\000r\000o\000l\000l\000L\000e\000f\000t\000\050\000\051}{subsection.7.4.2}% 84
\BOOKMARK [3][-]{subsubsection.7.4.2.9}{\376\377\0007\000.\0004\000.\0002\000.\0009\000\040\000s\000c\000r\000o\000l\000l\000R\000i\000g\000h\000t\000\050\000\051}{subsection.7.4.2}% 85
\BOOKMARK [3][-]{subsubsection.7.4.2.10}{\376\377\0007\000.\0004\000.\0002\000.\0001\0000\000\040\000s\000c\000r\000o\000l\000l\000T\000o\000\050\000\051}{subsection.7.4.2}% 86
\BOOKMARK [3][-]{subsubsection.7.4.2.11}{\376\377\0007\000.\0004\000.\0002\000.\0001\0001\000\040\000s\000c\000r\000o\000l\000l\000U\000p\000\050\000\051}{subsection.7.4.2}% 87
\BOOKMARK [3][-]{subsubsection.7.4.2.12}{\376\377\0007\000.\0004\000.\0002\000.\0001\0002\000\040\000s\000e\000t\000C\000a\000m\000e\000r\000a\000B\000o\000u\000n\000d\000s\000\050\000\051}{subsection.7.4.2}% 88
\BOOKMARK [3][-]{subsubsection.7.4.2.13}{\376\377\0007\000.\0004\000.\0002\000.\0001\0003\000\040\000z\000o\000o\000m\000I\000n\000\050\000\051}{subsection.7.4.2}% 89
\BOOKMARK [3][-]{subsubsection.7.4.2.14}{\376\377\0007\000.\0004\000.\0002\000.\0001\0004\000\040\000z\000o\000o\000m\000O\000u\000t\000\050\000\051}{subsection.7.4.2}% 90
\BOOKMARK [2][-]{subsection.7.4.3}{\376\377\0007\000.\0004\000.\0003\000\040\000M\000e\000m\000b\000e\000r\000\040\000D\000a\000t\000a\000\040\000D\000o\000c\000u\000m\000e\000n\000t\000a\000t\000i\000o\000n}{section.7.4}% 91
\BOOKMARK [3][-]{subsubsection.7.4.3.1}{\376\377\0007\000.\0004\000.\0003\000.\0001\000\040\000b\000o\000t\000t\000o\000m\000L\000i\000m\000i\000t\000P\000x}{subsection.7.4.3}% 92
\BOOKMARK [3][-]{subsubsection.7.4.3.2}{\376\377\0007\000.\0004\000.\0003\000.\0002\000\040\000c\000a\000m\000e\000r\000a}{subsection.7.4.3}% 93
\BOOKMARK [3][-]{subsubsection.7.4.3.3}{\376\377\0007\000.\0004\000.\0003\000.\0003\000\040\000d\000e\000l\000t\000a\000R\000o\000t\000a\000t\000i\000o\000n}{subsection.7.4.3}% 94
\BOOKMARK [3][-]{subsubsection.7.4.3.4}{\376\377\0007\000.\0004\000.\0003\000.\0004\000\040\000d\000e\000l\000t\000a\000S\000c\000r\000o\000l\000l}{subsection.7.4.3}% 95
\BOOKMARK [3][-]{subsubsection.7.4.3.5}{\376\377\0007\000.\0004\000.\0003\000.\0005\000\040\000d\000e\000l\000t\000a\000Z\000o\000o\000m\000I\000n}{subsection.7.4.3}% 96
\BOOKMARK [3][-]{subsubsection.7.4.3.6}{\376\377\0007\000.\0004\000.\0003\000.\0006\000\040\000d\000e\000l\000t\000a\000Z\000o\000o\000m\000O\000u\000t}{subsection.7.4.3}% 97
\BOOKMARK [3][-]{subsubsection.7.4.3.7}{\376\377\0007\000.\0004\000.\0003\000.\0007\000\040\000l\000i\000n\000e\000H\000e\000i\000g\000h\000t}{subsection.7.4.3}% 98
\BOOKMARK [3][-]{subsubsection.7.4.3.8}{\376\377\0007\000.\0004\000.\0003\000.\0008\000\040\000m\000a\000r\000g\000i\000n\000X\000O\000f\000f\000s\000e\000t}{subsection.7.4.3}% 99
\BOOKMARK [3][-]{subsubsection.7.4.3.9}{\376\377\0007\000.\0004\000.\0003\000.\0009\000\040\000r\000i\000g\000h\000t\000L\000i\000m\000i\000t\000P\000x}{subsection.7.4.3}% 100
\BOOKMARK [3][-]{subsubsection.7.4.3.10}{\376\377\0007\000.\0004\000.\0003\000.\0001\0000\000\040\000w\000i\000n\000d\000o\000w}{subsection.7.4.3}% 101
\BOOKMARK [1][-]{section.7.5}{\376\377\0007\000.\0005\000\040\000K\000e\000y\000b\000o\000a\000r\000d\000\040\000C\000l\000a\000s\000s\000\040\000R\000e\000f\000e\000r\000e\000n\000c\000e}{chapter.7}% 102
\BOOKMARK [2][-]{subsection.7.5.1}{\376\377\0007\000.\0005\000.\0001\000\040\000D\000e\000t\000a\000i\000l\000e\000d\000\040\000D\000e\000s\000c\000r\000i\000p\000t\000i\000o\000n}{section.7.5}% 103
\BOOKMARK [2][-]{subsection.7.5.2}{\376\377\0007\000.\0005\000.\0002\000\040\000C\000o\000n\000s\000t\000r\000u\000c\000t\000o\000r\000\040\000\046\000\040\000D\000e\000s\000t\000r\000u\000c\000t\000o\000r\000\040\000D\000o\000c\000u\000m\000e\000n\000t\000a\000t\000i\000o\000n}{section.7.5}% 104
\BOOKMARK [3][-]{subsubsection.7.5.2.1}{\376\377\0007\000.\0005\000.\0002\000.\0001\000\040\000K\000e\000y\000b\000o\000a\000r\000d\000\050\000\051}{subsection.7.5.2}% 105
\BOOKMARK [2][-]{subsection.7.5.3}{\376\377\0007\000.\0005\000.\0003\000\040\000M\000e\000m\000b\000e\000r\000\040\000F\000u\000n\000c\000t\000i\000o\000n\000\040\000D\000o\000c\000u\000m\000e\000n\000t\000a\000t\000i\000o\000n}{section.7.5}% 106
\BOOKMARK [3][-]{subsubsection.7.5.3.1}{\376\377\0007\000.\0005\000.\0003\000.\0001\000\040\000b\000a\000c\000k\000S\000p\000a\000c\000e\000\050\000\051}{subsection.7.5.3}% 107
\BOOKMARK [3][-]{subsubsection.7.5.3.2}{\376\377\0007\000.\0005\000.\0003\000.\0002\000\040\000g\000e\000t\000B\000o\000u\000n\000d\000s\000\050\000\051}{subsection.7.5.3}% 108
\BOOKMARK [3][-]{subsubsection.7.5.3.3}{\376\377\0007\000.\0005\000.\0003\000.\0003\000\040\000g\000e\000t\000C\000m\000d\000T\000e\000x\000t\000E\000n\000t\000e\000r\000e\000d\000\050\000\051}{subsection.7.5.3}% 109
\BOOKMARK [3][-]{subsubsection.7.5.3.4}{\376\377\0007\000.\0005\000.\0003\000.\0004\000\040\000g\000e\000t\000L\000i\000n\000e\000N\000u\000m\000b\000e\000r\000\050\000\051}{subsection.7.5.3}% 110
\BOOKMARK [3][-]{subsubsection.7.5.3.5}{\376\377\0007\000.\0005\000.\0003\000.\0005\000\040\000g\000e\000t\000T\000e\000x\000t\000E\000n\000t\000e\000r\000e\000d\000\050\000\051}{subsection.7.5.3}% 111
\BOOKMARK [3][-]{subsubsection.7.5.3.6}{\376\377\0007\000.\0005\000.\0003\000.\0006\000\040\000h\000a\000n\000d\000l\000e\000C\000m\000d\000K\000e\000y\000E\000v\000e\000n\000t\000\050\000\051}{subsection.7.5.3}% 112
\BOOKMARK [3][-]{subsubsection.7.5.3.7}{\376\377\0007\000.\0005\000.\0003\000.\0007\000\040\000h\000a\000n\000d\000l\000e\000K\000e\000y\000E\000v\000e\000n\000t\000\050\000\051}{subsection.7.5.3}% 113
\BOOKMARK [3][-]{subsubsection.7.5.3.8}{\376\377\0007\000.\0005\000.\0003\000.\0008\000\040\000h\000a\000n\000d\000l\000e\000M\000o\000u\000s\000e\000E\000v\000e\000n\000t\000\050\000\051}{subsection.7.5.3}% 114
\BOOKMARK [3][-]{subsubsection.7.5.3.9}{\376\377\0007\000.\0005\000.\0003\000.\0009\000\040\000i\000s\000C\000m\000d\000T\000e\000x\000t\000E\000n\000t\000e\000r\000e\000d\000\050\000\051}{subsection.7.5.3}% 115
\BOOKMARK [3][-]{subsubsection.7.5.3.10}{\376\377\0007\000.\0005\000.\0003\000.\0001\0000\000\040\000i\000s\000K\000e\000y\000P\000r\000e\000s\000s\000e\000d\000\050\000\051}{subsection.7.5.3}% 116
\BOOKMARK [3][-]{subsubsection.7.5.3.11}{\376\377\0007\000.\0005\000.\0003\000.\0001\0001\000\040\000i\000s\000T\000e\000x\000t\000D\000e\000l\000e\000t\000e\000d\000\050\000\051}{subsection.7.5.3}% 117
\BOOKMARK [3][-]{subsubsection.7.5.3.12}{\376\377\0007\000.\0005\000.\0003\000.\0001\0002\000\040\000i\000s\000T\000e\000x\000t\000E\000n\000t\000e\000r\000e\000d\000\050\000\051}{subsection.7.5.3}% 118
\BOOKMARK [3][-]{subsubsection.7.5.3.13}{\376\377\0007\000.\0005\000.\0003\000.\0001\0003\000\040\000k\000b\000r\000C\000m\000d\000\050\000\051}{subsection.7.5.3}% 119
\BOOKMARK [3][-]{subsubsection.7.5.3.14}{\376\377\0007\000.\0005\000.\0003\000.\0001\0004\000\040\000s\000e\000t\000C\000m\000d\000T\000e\000x\000t\000E\000n\000t\000e\000r\000e\000d\000\050\000\051}{subsection.7.5.3}% 120
\BOOKMARK [3][-]{subsubsection.7.5.3.15}{\376\377\0007\000.\0005\000.\0003\000.\0001\0005\000\040\000s\000e\000t\000T\000e\000x\000t\000E\000n\000t\000e\000r\000e\000d\000\050\000\051}{subsection.7.5.3}% 121
\BOOKMARK [2][-]{subsection.7.5.4}{\376\377\0007\000.\0005\000.\0004\000\040\000M\000e\000m\000b\000e\000r\000\040\000D\000a\000t\000a\000\040\000D\000o\000c\000u\000m\000e\000n\000t\000a\000t\000i\000o\000n}{section.7.5}% 122
\BOOKMARK [3][-]{subsubsection.7.5.4.1}{\376\377\0007\000.\0005\000.\0004\000.\0001\000\040\000b\000o\000u\000n\000d\000s}{subsection.7.5.4}% 123
\BOOKMARK [3][-]{subsubsection.7.5.4.2}{\376\377\0007\000.\0005\000.\0004\000.\0002\000\040\000c\000t\000D\000e\000l\000e\000t\000e\000d}{subsection.7.5.4}% 124
\BOOKMARK [3][-]{subsubsection.7.5.4.3}{\376\377\0007\000.\0005\000.\0004\000.\0003\000\040\000c\000t\000E\000n\000t\000e\000r\000e\000d}{subsection.7.5.4}% 125
\BOOKMARK [3][-]{subsubsection.7.5.4.4}{\376\377\0007\000.\0005\000.\0004\000.\0004\000\040\000t\000D\000e\000l\000e\000t\000e\000d}{subsection.7.5.4}% 126
\BOOKMARK [3][-]{subsubsection.7.5.4.5}{\376\377\0007\000.\0005\000.\0004\000.\0005\000\040\000t\000E\000n\000t\000e\000r\000e\000d}{subsection.7.5.4}% 127
\BOOKMARK [3][-]{subsubsection.7.5.4.6}{\376\377\0007\000.\0005\000.\0004\000.\0006\000\040\000w\000i\000n\000d\000o\000w}{subsection.7.5.4}% 128
\BOOKMARK [1][-]{section.7.6}{\376\377\0007\000.\0006\000\040\000M\000y\000R\000e\000c\000t\000\040\000C\000l\000a\000s\000s\000\040\000R\000e\000f\000e\000r\000e\000n\000c\000e}{chapter.7}% 129
\BOOKMARK [2][-]{subsection.7.6.1}{\376\377\0007\000.\0006\000.\0001\000\040\000D\000e\000t\000a\000i\000l\000e\000d\000\040\000D\000e\000s\000c\000r\000i\000p\000t\000i\000o\000n}{section.7.6}% 130
\BOOKMARK [2][-]{subsection.7.6.2}{\376\377\0007\000.\0006\000.\0002\000\040\000C\000o\000n\000s\000t\000r\000u\000c\000t\000o\000r\000\040\000\046\000\040\000D\000e\000s\000t\000r\000u\000c\000t\000o\000r\000\040\000D\000o\000c\000u\000m\000e\000n\000t\000a\000t\000i\000o\000n}{section.7.6}% 131
\BOOKMARK [3][-]{subsubsection.7.6.2.1}{\376\377\0007\000.\0006\000.\0002\000.\0001\000\040\000M\000y\000R\000e\000c\000t\000\050\000\051\000\040\000[\0001\000/\0002\000]}{subsection.7.6.2}% 132
\BOOKMARK [3][-]{subsubsection.7.6.2.2}{\376\377\0007\000.\0006\000.\0002\000.\0002\000\040\000M\000y\000R\000e\000c\000t\000\050\000\051\000\040\000[\0002\000/\0002\000]}{subsection.7.6.2}% 133
\BOOKMARK [2][-]{subsection.7.6.3}{\376\377\0007\000.\0006\000.\0003\000\040\000M\000e\000m\000b\000e\000r\000\040\000F\000u\000n\000c\000t\000i\000o\000n\000\040\000D\000o\000c\000u\000m\000e\000n\000t\000a\000t\000i\000o\000n}{section.7.6}% 134
\BOOKMARK [3][-]{subsubsection.7.6.3.1}{\376\377\0007\000.\0006\000.\0003\000.\0001\000\040\000d\000r\000a\000w\000\050\000\051}{subsection.7.6.3}% 135
\BOOKMARK [3][-]{subsubsection.7.6.3.2}{\376\377\0007\000.\0006\000.\0003\000.\0002\000\040\000g\000e\000t\000P\000o\000s\000\050\000\051}{subsection.7.6.3}% 136
\BOOKMARK [3][-]{subsubsection.7.6.3.3}{\376\377\0007\000.\0006\000.\0003\000.\0003\000\040\000g\000e\000t\000S\000i\000z\000e\000\050\000\051}{subsection.7.6.3}% 137
\BOOKMARK [3][-]{subsubsection.7.6.3.4}{\376\377\0007\000.\0006\000.\0003\000.\0004\000\040\000s\000e\000t\000F\000i\000l\000l\000C\000o\000l\000o\000u\000r\000\050\000\051}{subsection.7.6.3}% 138
\BOOKMARK [3][-]{subsubsection.7.6.3.5}{\376\377\0007\000.\0006\000.\0003\000.\0005\000\040\000s\000e\000t\000P\000o\000s\000i\000t\000i\000o\000n\000\050\000\051}{subsection.7.6.3}% 139
\BOOKMARK [3][-]{subsubsection.7.6.3.6}{\376\377\0007\000.\0006\000.\0003\000.\0006\000\040\000s\000e\000t\000S\000i\000z\000e\000\050\000\051}{subsection.7.6.3}% 140
\BOOKMARK [2][-]{subsection.7.6.4}{\376\377\0007\000.\0006\000.\0004\000\040\000M\000e\000m\000b\000e\000r\000\040\000D\000a\000t\000a\000\040\000D\000o\000c\000u\000m\000e\000n\000t\000a\000t\000i\000o\000n}{section.7.6}% 141
\BOOKMARK [3][-]{subsubsection.7.6.4.1}{\376\377\0007\000.\0006\000.\0004\000.\0001\000\040\000f\000i\000l\000l\000C\000o\000l\000o\000u\000r}{subsection.7.6.4}% 142
\BOOKMARK [3][-]{subsubsection.7.6.4.2}{\376\377\0007\000.\0006\000.\0004\000.\0002\000\040\000f\000R\000e\000c\000t}{subsection.7.6.4}% 143
\BOOKMARK [3][-]{subsubsection.7.6.4.3}{\376\377\0007\000.\0006\000.\0004\000.\0003\000\040\000o\000u\000t\000l\000i\000n\000e\000C\000o\000l\000o\000u\000r}{subsection.7.6.4}% 144
\BOOKMARK [3][-]{subsubsection.7.6.4.4}{\376\377\0007\000.\0006\000.\0004\000.\0004\000\040\000o\000u\000t\000l\000i\000n\000e\000T\000h\000i\000c\000k\000n\000e\000s}{subsection.7.6.4}% 145
\BOOKMARK [3][-]{subsubsection.7.6.4.5}{\376\377\0007\000.\0006\000.\0004\000.\0005\000\040\000p\000o\000s}{subsection.7.6.4}% 146
\BOOKMARK [3][-]{subsubsection.7.6.4.6}{\376\377\0007\000.\0006\000.\0004\000.\0006\000\040\000s\000i\000z\000e}{subsection.7.6.4}% 147
\BOOKMARK [1][-]{section.7.7}{\376\377\0007\000.\0007\000\040\000C\000o\000m\000m\000a\000n\000d\000:\000:\000S\000t\000a\000c\000k\000<\000\040\000T\000\040\000>\000\040\000C\000l\000a\000s\000s\000\040\000T\000e\000m\000p\000l\000a\000t\000e\000\040\000R\000e\000f\000e\000r\000e\000n\000c\000e}{chapter.7}% 148
\BOOKMARK [2][-]{subsection.7.7.1}{\376\377\0007\000.\0007\000.\0001\000\040\000C\000o\000n\000s\000t\000r\000u\000c\000t\000o\000r\000\040\000\046\000\040\000D\000e\000s\000t\000r\000u\000c\000t\000o\000r\000\040\000D\000o\000c\000u\000m\000e\000n\000t\000a\000t\000i\000o\000n}{section.7.7}% 149
\BOOKMARK [3][-]{subsubsection.7.7.1.1}{\376\377\0007\000.\0007\000.\0001\000.\0001\000\040\000S\000t\000a\000c\000k\000\050\000\051}{subsection.7.7.1}% 150
\BOOKMARK [2][-]{subsection.7.7.2}{\376\377\0007\000.\0007\000.\0002\000\040\000M\000e\000m\000b\000e\000r\000\040\000F\000u\000n\000c\000t\000i\000o\000n\000\040\000D\000o\000c\000u\000m\000e\000n\000t\000a\000t\000i\000o\000n}{section.7.7}% 151
\BOOKMARK [3][-]{subsubsection.7.7.2.1}{\376\377\0007\000.\0007\000.\0002\000.\0001\000\040\000e\000x\000t\000e\000n\000d\000\050\000\051}{subsection.7.7.2}% 152
\BOOKMARK [3][-]{subsubsection.7.7.2.2}{\376\377\0007\000.\0007\000.\0002\000.\0002\000\040\000g\000e\000t\000M\000a\000x\000\050\000\051}{subsection.7.7.2}% 153
\BOOKMARK [3][-]{subsubsection.7.7.2.3}{\376\377\0007\000.\0007\000.\0002\000.\0003\000\040\000p\000o\000p\000\050\000\051}{subsection.7.7.2}% 154
\BOOKMARK [3][-]{subsubsection.7.7.2.4}{\376\377\0007\000.\0007\000.\0002\000.\0004\000\040\000p\000r\000i\000n\000t\000S\000t\000a\000c\000k\000\050\000\051}{subsection.7.7.2}% 155
\BOOKMARK [3][-]{subsubsection.7.7.2.5}{\376\377\0007\000.\0007\000.\0002\000.\0005\000\040\000p\000u\000s\000h\000\050\000\051\000\040\000[\0001\000/\0002\000]}{subsection.7.7.2}% 156
\BOOKMARK [3][-]{subsubsection.7.7.2.6}{\376\377\0007\000.\0007\000.\0002\000.\0006\000\040\000p\000u\000s\000h\000\050\000\051\000\040\000[\0002\000/\0002\000]}{subsection.7.7.2}% 157
\BOOKMARK [2][-]{subsection.7.7.3}{\376\377\0007\000.\0007\000.\0003\000\040\000M\000e\000m\000b\000e\000r\000\040\000D\000a\000t\000a\000\040\000D\000o\000c\000u\000m\000e\000n\000t\000a\000t\000i\000o\000n}{section.7.7}% 158
\BOOKMARK [3][-]{subsubsection.7.7.3.1}{\376\377\0007\000.\0007\000.\0003\000.\0001\000\040\000m\000a\000x\000\137\000s\000i\000z\000e}{subsection.7.7.3}% 159
\BOOKMARK [3][-]{subsubsection.7.7.3.2}{\376\377\0007\000.\0007\000.\0003\000.\0002\000\040\000S\000P}{subsection.7.7.3}% 160
\BOOKMARK [3][-]{subsubsection.7.7.3.3}{\376\377\0007\000.\0007\000.\0003\000.\0003\000\040\000S\000P\000\137\000p\000o\000s}{subsection.7.7.3}% 161
\BOOKMARK [3][-]{subsubsection.7.7.3.4}{\376\377\0007\000.\0007\000.\0003\000.\0004\000\040\000s\000t\000a\000c\000k\000\137\000a\000r\000r\000a\000y}{subsection.7.7.3}% 162
\BOOKMARK [1][-]{section.7.8}{\376\377\0007\000.\0008\000\040\000T\000e\000x\000t\000B\000o\000x\000\040\000C\000l\000a\000s\000s\000\040\000R\000e\000f\000e\000r\000e\000n\000c\000e}{chapter.7}% 163
\BOOKMARK [2][-]{subsection.7.8.1}{\376\377\0007\000.\0008\000.\0001\000\040\000D\000e\000t\000a\000i\000l\000e\000d\000\040\000D\000e\000s\000c\000r\000i\000p\000t\000i\000o\000n}{section.7.8}% 164
\BOOKMARK [2][-]{subsection.7.8.2}{\376\377\0007\000.\0008\000.\0002\000\040\000C\000o\000n\000s\000t\000r\000u\000c\000t\000o\000r\000\040\000\046\000\040\000D\000e\000s\000t\000r\000u\000c\000t\000o\000r\000\040\000D\000o\000c\000u\000m\000e\000n\000t\000a\000t\000i\000o\000n}{section.7.8}% 165
\BOOKMARK [3][-]{subsubsection.7.8.2.1}{\376\377\0007\000.\0008\000.\0002\000.\0001\000\040\000T\000e\000x\000t\000B\000o\000x\000\050\000\051\000\040\000[\0001\000/\0002\000]}{subsection.7.8.2}% 166
\BOOKMARK [3][-]{subsubsection.7.8.2.2}{\376\377\0007\000.\0008\000.\0002\000.\0002\000\040\000T\000e\000x\000t\000B\000o\000x\000\050\000\051\000\040\000[\0002\000/\0002\000]}{subsection.7.8.2}% 167
\BOOKMARK [2][-]{subsection.7.8.3}{\376\377\0007\000.\0008\000.\0003\000\040\000M\000e\000m\000b\000e\000r\000\040\000F\000u\000n\000c\000t\000i\000o\000n\000\040\000D\000o\000c\000u\000m\000e\000n\000t\000a\000t\000i\000o\000n}{section.7.8}% 168
\BOOKMARK [3][-]{subsubsection.7.8.3.1}{\376\377\0007\000.\0008\000.\0003\000.\0001\000\040\000d\000e\000l\000e\000t\000e\000C\000h\000a\000r\000\050\000\051}{subsection.7.8.3}% 169
\BOOKMARK [3][-]{subsubsection.7.8.3.2}{\376\377\0007\000.\0008\000.\0003\000.\0002\000\040\000d\000r\000a\000w\000\050\000\051}{subsection.7.8.3}% 170
\BOOKMARK [3][-]{subsubsection.7.8.3.3}{\376\377\0007\000.\0008\000.\0003\000.\0003\000\040\000e\000n\000t\000e\000r\000P\000r\000e\000s\000s\000\050\000\051}{subsection.7.8.3}% 171
\BOOKMARK [3][-]{subsubsection.7.8.3.4}{\376\377\0007\000.\0008\000.\0003\000.\0004\000\040\000g\000e\000t\000S\000t\000r\000i\000n\000g\000\050\000\051}{subsection.7.8.3}% 172
\BOOKMARK [3][-]{subsubsection.7.8.3.5}{\376\377\0007\000.\0008\000.\0003\000.\0005\000\040\000g\000e\000t\000T\000e\000x\000t\000B\000o\000x\000\050\000\051}{subsection.7.8.3}% 173
\BOOKMARK [3][-]{subsubsection.7.8.3.6}{\376\377\0007\000.\0008\000.\0003\000.\0006\000\040\000g\000e\000t\000T\000e\000x\000t\000C\000o\000l\000o\000u\000r\000\050\000\051}{subsection.7.8.3}% 174
\BOOKMARK [3][-]{subsubsection.7.8.3.7}{\376\377\0007\000.\0008\000.\0003\000.\0007\000\040\000g\000e\000t\000T\000e\000x\000t\000S\000i\000z\000e\000\050\000\051}{subsection.7.8.3}% 175
\BOOKMARK [3][-]{subsubsection.7.8.3.8}{\376\377\0007\000.\0008\000.\0003\000.\0008\000\040\000i\000s\000M\000o\000u\000s\000e\000H\000o\000v\000e\000r\000\050\000\051}{subsection.7.8.3}% 176
\BOOKMARK [3][-]{subsubsection.7.8.3.9}{\376\377\0007\000.\0008\000.\0003\000.\0009\000\040\000s\000e\000t\000F\000o\000n\000t\000\050\000\051}{subsection.7.8.3}% 177
\BOOKMARK [3][-]{subsubsection.7.8.3.10}{\376\377\0007\000.\0008\000.\0003\000.\0001\0000\000\040\000s\000e\000t\000S\000t\000r\000i\000n\000g\000\050\000\051}{subsection.7.8.3}% 178
\BOOKMARK [3][-]{subsubsection.7.8.3.11}{\376\377\0007\000.\0008\000.\0003\000.\0001\0001\000\040\000s\000e\000t\000T\000e\000x\000t\000C\000o\000l\000o\000u\000r\000\050\000\051}{subsection.7.8.3}% 179
\BOOKMARK [3][-]{subsubsection.7.8.3.12}{\376\377\0007\000.\0008\000.\0003\000.\0001\0002\000\040\000s\000e\000t\000T\000e\000x\000t\000S\000i\000z\000e\000\050\000\051}{subsection.7.8.3}% 180
\BOOKMARK [2][-]{subsection.7.8.4}{\376\377\0007\000.\0008\000.\0004\000\040\000M\000e\000m\000b\000e\000r\000\040\000D\000a\000t\000a\000\040\000D\000o\000c\000u\000m\000e\000n\000t\000a\000t\000i\000o\000n}{section.7.8}% 181
\BOOKMARK [3][-]{subsubsection.7.8.4.1}{\376\377\0007\000.\0008\000.\0004\000.\0001\000\040\000f\000c\000o\000l}{subsection.7.8.4}% 182
\BOOKMARK [3][-]{subsubsection.7.8.4.2}{\376\377\0007\000.\0008\000.\0004\000.\0002\000\040\000f\000n\000a\000m\000e}{subsection.7.8.4}% 183
\BOOKMARK [3][-]{subsubsection.7.8.4.3}{\376\377\0007\000.\0008\000.\0004\000.\0003\000\040\000f\000o\000n\000t}{subsection.7.8.4}% 184
\BOOKMARK [3][-]{subsubsection.7.8.4.4}{\376\377\0007\000.\0008\000.\0004\000.\0004\000\040\000f\000s\000i\000z\000e}{subsection.7.8.4}% 185
\BOOKMARK [3][-]{subsubsection.7.8.4.5}{\376\377\0007\000.\0008\000.\0004\000.\0005\000\040\000m\000o\000u\000s\000e\000H\000o\000v\000e\000r}{subsection.7.8.4}% 186
\BOOKMARK [3][-]{subsubsection.7.8.4.6}{\376\377\0007\000.\0008\000.\0004\000.\0006\000\040\000t\000b\000o\000x}{subsection.7.8.4}% 187
\BOOKMARK [3][-]{subsubsection.7.8.4.7}{\376\377\0007\000.\0008\000.\0004\000.\0007\000\040\000w\000i\000n\000d\000o\000w}{subsection.7.8.4}% 188
\BOOKMARK [0][-]{chapter.8}{\376\377\0008\000\040\000F\000i\000l\000e\000\040\000D\000o\000c\000u\000m\000e\000n\000t\000a\000t\000i\000o\000n}{}% 189
\BOOKMARK [1][-]{section.8.1}{\376\377\0008\000.\0001\000\040\000i\000n\000c\000l\000u\000d\000e\000/\000K\000a\000m\000i\000l\000/\000C\000m\000d\000B\000o\000x\000.\000h\000\040\000F\000i\000l\000e\000\040\000R\000e\000f\000e\000r\000e\000n\000c\000e}{chapter.8}% 190
\BOOKMARK [1][-]{section.8.2}{\376\377\0008\000.\0002\000\040\000C\000m\000d\000B\000o\000x\000.\000h}{chapter.8}% 191
\BOOKMARK [1][-]{section.8.3}{\376\377\0008\000.\0003\000\040\000i\000n\000c\000l\000u\000d\000e\000/\000K\000a\000m\000i\000l\000/\000C\000o\000m\000m\000a\000n\000d\000s\000.\000h\000\040\000F\000i\000l\000e\000\040\000R\000e\000f\000e\000r\000e\000n\000c\000e}{chapter.8}% 192
\BOOKMARK [1][-]{section.8.4}{\376\377\0008\000.\0004\000\040\000C\000o\000m\000m\000a\000n\000d\000s\000.\000h}{chapter.8}% 193
\BOOKMARK [1][-]{section.8.5}{\376\377\0008\000.\0005\000\040\000i\000n\000c\000l\000u\000d\000e\000/\000K\000a\000m\000i\000l\000/\000D\000o\000c\000u\000m\000e\000n\000t\000.\000h\000\040\000F\000i\000l\000e\000\040\000R\000e\000f\000e\000r\000e\000n\000c\000e}{chapter.8}% 194
\BOOKMARK [2][-]{subsection.8.5.1}{\376\377\0008\000.\0005\000.\0001\000\040\000D\000e\000t\000a\000i\000l\000e\000d\000\040\000D\000e\000s\000c\000r\000i\000p\000t\000i\000o\000n}{section.8.5}% 195
\BOOKMARK [1][-]{section.8.6}{\376\377\0008\000.\0006\000\040\000D\000o\000c\000u\000m\000e\000n\000t\000.\000h}{chapter.8}% 196
\BOOKMARK [1][-]{section.8.7}{\376\377\0008\000.\0007\000\040\000i\000n\000c\000l\000u\000d\000e\000/\000K\000a\000m\000i\000l\000/\000E\000d\000i\000t\000o\000r\000.\000h\000\040\000F\000i\000l\000e\000\040\000R\000e\000f\000e\000r\000e\000n\000c\000e}{chapter.8}% 197
\BOOKMARK [2][-]{subsection.8.7.1}{\376\377\0008\000.\0007\000.\0001\000\040\000D\000e\000t\000a\000i\000l\000e\000d\000\040\000D\000e\000s\000c\000r\000i\000p\000t\000i\000o\000n}{section.8.7}% 198
\BOOKMARK [1][-]{section.8.8}{\376\377\0008\000.\0008\000\040\000E\000d\000i\000t\000o\000r\000.\000h}{chapter.8}% 199
\BOOKMARK [1][-]{section.8.9}{\376\377\0008\000.\0009\000\040\000i\000n\000c\000l\000u\000d\000e\000/\000K\000a\000m\000i\000l\000/\000E\000d\000i\000t\000o\000r\000C\000a\000m\000.\000h\000\040\000F\000i\000l\000e\000\040\000R\000e\000f\000e\000r\000e\000n\000c\000e}{chapter.8}% 200
\BOOKMARK [2][-]{subsection.8.9.1}{\376\377\0008\000.\0009\000.\0001\000\040\000D\000e\000t\000a\000i\000l\000e\000d\000\040\000D\000e\000s\000c\000r\000i\000p\000t\000i\000o\000n}{section.8.9}% 201
\BOOKMARK [1][-]{section.8.10}{\376\377\0008\000.\0001\0000\000\040\000E\000d\000i\000t\000o\000r\000C\000a\000m\000.\000h}{chapter.8}% 202
\BOOKMARK [1][-]{section.8.11}{\376\377\0008\000.\0001\0001\000\040\000i\000n\000c\000l\000u\000d\000e\000/\000K\000a\000m\000i\000l\000/\000K\000e\000y\000b\000o\000a\000r\000d\000.\000h\000\040\000F\000i\000l\000e\000\040\000R\000e\000f\000e\000r\000e\000n\000c\000e}{chapter.8}% 203
\BOOKMARK [2][-]{subsection.8.11.1}{\376\377\0008\000.\0001\0001\000.\0001\000\040\000D\000e\000t\000a\000i\000l\000e\000d\000\040\000D\000e\000s\000c\000r\000i\000p\000t\000i\000o\000n}{section.8.11}% 204
\BOOKMARK [1][-]{section.8.12}{\376\377\0008\000.\0001\0002\000\040\000K\000e\000y\000b\000o\000a\000r\000d\000.\000h}{chapter.8}% 205
\BOOKMARK [1][-]{section.8.13}{\376\377\0008\000.\0001\0003\000\040\000i\000n\000c\000l\000u\000d\000e\000/\000K\000a\000m\000i\000l\000/\000M\000y\000R\000e\000c\000t\000.\000h\000\040\000F\000i\000l\000e\000\040\000R\000e\000f\000e\000r\000e\000n\000c\000e}{chapter.8}% 206
\BOOKMARK [2][-]{subsection.8.13.1}{\376\377\0008\000.\0001\0003\000.\0001\000\040\000D\000e\000t\000a\000i\000l\000e\000d\000\040\000D\000e\000s\000c\000r\000i\000p\000t\000i\000o\000n}{section.8.13}% 207
\BOOKMARK [1][-]{section.8.14}{\376\377\0008\000.\0001\0004\000\040\000M\000y\000R\000e\000c\000t\000.\000h}{chapter.8}% 208
\BOOKMARK [1][-]{section.8.15}{\376\377\0008\000.\0001\0005\000\040\000i\000n\000c\000l\000u\000d\000e\000/\000K\000a\000m\000i\000l\000/\000T\000e\000x\000t\000B\000o\000x\000.\000h\000\040\000F\000i\000l\000e\000\040\000R\000e\000f\000e\000r\000e\000n\000c\000e}{chapter.8}% 209
\BOOKMARK [1][-]{section.8.16}{\376\377\0008\000.\0001\0006\000\040\000T\000e\000x\000t\000B\000o\000x\000.\000h}{chapter.8}% 210
\BOOKMARK [1][-]{section.8.17}{\376\377\0008\000.\0001\0007\000\040\000i\000n\000c\000l\000u\000d\000e\000/\000K\000a\000m\000i\000l\000/\000U\000t\000i\000l\000s\000/\000S\000t\000a\000c\000k\000.\000h\000\040\000F\000i\000l\000e\000\040\000R\000e\000f\000e\000r\000e\000n\000c\000e}{chapter.8}% 211
\BOOKMARK [1][-]{section.8.18}{\376\377\0008\000.\0001\0008\000\040\000S\000t\000a\000c\000k\000.\000h}{chapter.8}% 212
\BOOKMARK [1][-]{section.8.19}{\376\377\0008\000.\0001\0009\000\040\000R\000E\000A\000D\000M\000E\000.\000m\000d\000\040\000F\000i\000l\000e\000\040\000R\000e\000f\000e\000r\000e\000n\000c\000e}{chapter.8}% 213
\BOOKMARK [1][-]{section.8.20}{\376\377\0008\000.\0002\0000\000\040\000s\000r\000c\000/\000D\000o\000c\000u\000m\000e\000n\000t\000.\000c\000p\000p\000\040\000F\000i\000l\000e\000\040\000R\000e\000f\000e\000r\000e\000n\000c\000e}{chapter.8}% 214
\BOOKMARK [1][-]{section.8.21}{\376\377\0008\000.\0002\0001\000\040\000s\000r\000c\000/\000E\000d\000i\000t\000o\000r\000.\000c\000p\000p\000\040\000F\000i\000l\000e\000\040\000R\000e\000f\000e\000r\000e\000n\000c\000e}{chapter.8}% 215
\BOOKMARK [1][-]{section.8.22}{\376\377\0008\000.\0002\0002\000\040\000s\000r\000c\000/\000E\000d\000i\000t\000o\000r\000C\000a\000m\000.\000c\000p\000p\000\040\000F\000i\000l\000e\000\040\000R\000e\000f\000e\000r\000e\000n\000c\000e}{chapter.8}% 216
\BOOKMARK [1][-]{section.8.23}{\376\377\0008\000.\0002\0003\000\040\000s\000r\000c\000/\000k\000a\000m\000i\000l\000.\000c\000p\000p\000\040\000F\000i\000l\000e\000\040\000R\000e\000f\000e\000r\000e\000n\000c\000e}{chapter.8}% 217
\BOOKMARK [2][-]{subsection.8.23.1}{\376\377\0008\000.\0002\0003\000.\0001\000\040\000F\000u\000n\000c\000t\000i\000o\000n\000\040\000D\000o\000c\000u\000m\000e\000n\000t\000a\000t\000i\000o\000n}{section.8.23}% 218
\BOOKMARK [3][-]{subsubsection.8.23.1.1}{\376\377\0008\000.\0002\0003\000.\0001\000.\0001\000\040\000m\000a\000i\000n\000\050\000\051}{subsection.8.23.1}% 219
\BOOKMARK [1][-]{section.8.24}{\376\377\0008\000.\0002\0004\000\040\000s\000r\000c\000/\000K\000e\000y\000b\000o\000a\000r\000d\000.\000c\000p\000p\000\040\000F\000i\000l\000e\000\040\000R\000e\000f\000e\000r\000e\000n\000c\000e}{chapter.8}% 220
\BOOKMARK [1][-]{section.8.25}{\376\377\0008\000.\0002\0005\000\040\000s\000r\000c\000/\000M\000y\000R\000e\000c\000t\000.\000c\000p\000p\000\040\000F\000i\000l\000e\000\040\000R\000e\000f\000e\000r\000e\000n\000c\000e}{chapter.8}% 221
\BOOKMARK [1][-]{section.8.26}{\376\377\0008\000.\0002\0006\000\040\000s\000r\000c\000/\000T\000e\000x\000t\000B\000o\000x\000.\000c\000p\000p\000\040\000F\000i\000l\000e\000\040\000R\000e\000f\000e\000r\000e\000n\000c\000e}{chapter.8}% 222
\BOOKMARK [1][-]{section.8.27}{\376\377\0008\000.\0002\0007\000\040\000s\000r\000c\000/\000U\000t\000i\000l\000s\000/\000S\000t\000a\000c\000k\000.\000c\000p\000p\000\040\000F\000i\000l\000e\000\040\000R\000e\000f\000e\000r\000e\000n\000c\000e}{chapter.8}% 223
\BOOKMARK [1][-]{section.8.28}{\376\377\0008\000.\0002\0008\000\040\000s\000r\000c\000/\000U\000t\000i\000l\000s\000/\000t\000e\000t\000.\000c\000p\000p\000\040\000F\000i\000l\000e\000\040\000R\000e\000f\000e\000r\000e\000n\000c\000e}{chapter.8}% 224
\BOOKMARK [2][-]{subsection.8.28.1}{\376\377\0008\000.\0002\0008\000.\0001\000\040\000F\000u\000n\000c\000t\000i\000o\000n\000\040\000D\000o\000c\000u\000m\000e\000n\000t\000a\000t\000i\000o\000n}{section.8.28}% 225
\BOOKMARK [3][-]{subsubsection.8.28.1.1}{\376\377\0008\000.\0002\0008\000.\0001\000.\0001\000\040\000m\000a\000i\000n\000\050\000\051}{subsection.8.28.1}% 226
\BOOKMARK [0][-]{section*.115}{\376\377\000I\000n\000d\000e\000x}{}% 227
