This is pdfTeX, Version 3.141592653-2.6-1.40.25 (TeX Live 2023/Arch Linux) (preloaded format=pdflatex 2023.4.25)  15 MAY 2023 16:00
entering extended mode
 restricted \write18 enabled.
 %&-line parsing enabled.
**refman
(./refman.tex
LaTeX2e <2022-11-01> patch level 1
L3 programming layer <2023-02-22>
(/usr/share/texmf-dist/tex/latex/base/article.cls
Document Class: article 2022/07/02 v1.4n Standard LaTeX document class
(/usr/share/texmf-dist/tex/latex/base/size10.clo
File: size10.clo 2022/07/02 v1.4n Standard LaTeX file (size option)
)
\c@part=\count185
\c@section=\count186
\c@subsection=\count187
\c@subsubsection=\count188
\c@paragraph=\count189
\c@subparagraph=\count190
\c@figure=\count191
\c@table=\count192
\abovecaptionskip=\skip48
\belowcaptionskip=\skip49
\bibindent=\dimen140
)
(/usr/share/texmf-dist/tex/latex/base/ifthen.sty
Package: ifthen 2022/04/13 v1.1d Standard LaTeX ifthen package (DPC)
)
(/usr/share/texmf-dist/tex/latex/tools/array.sty
Rollback for package 'array' requested -> date 2016-10-06.
         Best approximation is the release introduced on 2016-10-06.

(/usr/share/texmf-dist/tex/latex/tools/array-2016-10-06.sty
Package: array 2016/10/06 v2.4d Tabular extension package (FMi)
\col@sep=\dimen141
\extrarowheight=\dimen142
\NC@list=\toks16
\extratabsurround=\skip50
\backup@length=\skip51
))
(/usr/share/texmf-dist/tex/latex/base/fixltx2e.sty
Package: fixltx2e 2016/12/29 v2.1a fixes to LaTeX (obsolete)
Applying: [2015/01/01] Old fixltx2e package on input line 46.


Package fixltx2e Warning: fixltx2e is not required with releases after 2015
(fixltx2e)                All fixes are now in the LaTeX kernel.
(fixltx2e)                See the latexrelease package for details.

Already applied: [0000/00/00] Old fixltx2e package on input line 53.
) (./doxygen.sty
Package: doxygen 
 (/usr/share/texmf-dist/tex/latex/base/alltt.sty
Package: alltt 2021/01/29 v2.0g defines alltt environment
)
(/usr/share/texmf-dist/tex/latex/tools/calc.sty
Package: calc 2017/05/25 v4.3 Infix arithmetic (KKT,FJ)
\calc@Acount=\count193
\calc@Bcount=\count194
\calc@Adimen=\dimen143
\calc@Bdimen=\dimen144
\calc@Askip=\skip52
\calc@Bskip=\skip53
LaTeX Info: Redefining \setlength on input line 80.
LaTeX Info: Redefining \addtolength on input line 81.
\calc@Ccount=\count195
\calc@Cskip=\skip54
)
(/usr/share/texmf-dist/tex/latex/float/float.sty
Package: float 2001/11/08 v1.3d Float enhancements (AL)
\c@float@type=\count196
\float@exts=\toks17
\float@box=\box51
\@float@everytoks=\toks18
\@floatcapt=\box52
)
(/usr/share/texmf-dist/tex/latex/tools/verbatim.sty
Package: verbatim 2022-07-02 v1.5u LaTeX2e package for verbatim enhancements
\every@verbatim=\toks19
\verbatim@line=\toks20
\verbatim@in@stream=\read2
)
(/usr/share/texmf-dist/tex/latex/xcolor/xcolor.sty
Package: xcolor 2022/06/12 v2.14 LaTeX color extensions (UK)

(/usr/share/texmf-dist/tex/latex/graphics-cfg/color.cfg
File: color.cfg 2016/01/02 v1.6 sample color configuration
)
Package xcolor Info: Driver file: pdftex.def on input line 227.

(/usr/share/texmf-dist/tex/latex/graphics-def/pdftex.def
File: pdftex.def 2022/09/22 v1.2b Graphics/color driver for pdftex
)
(/usr/share/texmf-dist/tex/latex/colortbl/colortbl.sty
Package: colortbl 2022/06/20 v1.0f Color table columns (DPC)
\everycr=\toks21
\minrowclearance=\skip55
\rownum=\count197
)
(/usr/share/texmf-dist/tex/latex/graphics/mathcolor.ltx)
Package xcolor Info: Model `cmy' substituted by `cmy0' on input line 1353.
Package xcolor Info: Model `hsb' substituted by `rgb' on input line 1357.
Package xcolor Info: Model `RGB' extended on input line 1369.
Package xcolor Info: Model `HTML' substituted by `rgb' on input line 1371.
Package xcolor Info: Model `Hsb' substituted by `hsb' on input line 1372.
Package xcolor Info: Model `tHsb' substituted by `hsb' on input line 1373.
Package xcolor Info: Model `HSB' substituted by `hsb' on input line 1374.
Package xcolor Info: Model `Gray' substituted by `gray' on input line 1375.
Package xcolor Info: Model `wave' substituted by `hsb' on input line 1376.
)
(./longtable_doxygen.sty
Package: longtable_doxygen 2014/10/28 v4.11 Multi-page Table package (DPC) - fr
ozen version for doxygen
\LTleft=\skip56
\LTright=\skip57
\LTpre=\skip58
\LTpost=\skip59
\LTchunksize=\count198
\LTcapwidth=\dimen145
\LT@head=\box53
\LT@firsthead=\box54
\LT@foot=\box55
\LT@lastfoot=\box56
\LT@cols=\count199
\LT@rows=\count266
\c@LT@tables=\count267
\c@LT@chunks=\count268
\LT@p@ftn=\toks22
) (./tabu_doxygen.sty
Package: tabu_doxygen 2011/02/26 v2.8 - flexible LaTeX tabulars (FC), frozen ve
rsion for doxygen

(/usr/share/texmf-dist/tex/latex/varwidth/varwidth.sty
Package: varwidth 2009/03/30 ver 0.92;  Variable-width minipages
\@vwid@box=\box57
\sift@deathcycles=\count269
\@vwid@loff=\dimen146
\@vwid@roff=\dimen147
)
\c@taburow=\count270
\tabu@nbcols=\count271
\tabu@cnt=\count272
\tabu@Xcol=\count273
\tabu@alloc=\count274
\tabu@nested=\count275
\tabu@target=\dimen148
\tabu@spreadtarget=\dimen149
\tabu@naturalX=\dimen150
\tabucolX=\dimen151
\tabu@Xsum=\dimen152
\extrarowdepth=\dimen153
\abovetabulinesep=\dimen154
\belowtabulinesep=\dimen155
\tabustrutrule=\dimen156
\tabu@thebody=\toks23
\tabu@footnotes=\toks24
\tabu@box=\box58
\tabu@arstrutbox=\box59
\tabu@hleads=\box60
\tabu@vleads=\box61
\tabu@cellskip=\skip60
)
(/usr/share/texmf-dist/tex/latex/fancyvrb/fancyvrb.sty
Package: fancyvrb 2023/01/19 4.5a verbatim text (tvz,hv)

(/usr/share/texmf-dist/tex/latex/graphics/keyval.sty
Package: keyval 2022/05/29 v1.15 key=value parser (DPC)
\KV@toks@=\toks25
)
\FV@CodeLineNo=\count276
\FV@InFile=\read3
\FV@TabBox=\box62
\c@FancyVerbLine=\count277
\FV@StepNumber=\count278
\FV@OutFile=\write3
)
(/usr/share/texmf-dist/tex/latex/tools/tabularx.sty
Package: tabularx 2020/01/15 v2.11c `tabularx' package (DPC)
\TX@col@width=\dimen157
\TX@old@table=\dimen158
\TX@old@col=\dimen159
\TX@target=\dimen160
\TX@delta=\dimen161
\TX@cols=\count279
\TX@ftn=\toks26
)
(/usr/share/texmf-dist/tex/latex/tools/multicol.sty
Package: multicol 2021/11/30 v1.9d multicolumn formatting (FMi)
\c@tracingmulticols=\count280
\mult@box=\box63
\multicol@leftmargin=\dimen162
\c@unbalance=\count281
\c@collectmore=\count282
\doublecol@number=\count283
\multicoltolerance=\count284
\multicolpretolerance=\count285
\full@width=\dimen163
\page@free=\dimen164
\premulticols=\dimen165
\postmulticols=\dimen166
\multicolsep=\skip61
\multicolbaselineskip=\skip62
\partial@page=\box64
\last@line=\box65
\maxbalancingoverflow=\dimen167
\mult@rightbox=\box66
\mult@grightbox=\box67
\mult@firstbox=\box68
\mult@gfirstbox=\box69
\@tempa=\box70
\@tempa=\box71
\@tempa=\box72
\@tempa=\box73
\@tempa=\box74
\@tempa=\box75
\@tempa=\box76
\@tempa=\box77
\@tempa=\box78
\@tempa=\box79
\@tempa=\box80
\@tempa=\box81
\@tempa=\box82
\@tempa=\box83
\@tempa=\box84
\@tempa=\box85
\@tempa=\box86
\@tempa=\box87
\@tempa=\box88
\@tempa=\box89
\@tempa=\box90
\@tempa=\box91
\@tempa=\box92
\@tempa=\box93
\@tempa=\box94
\@tempa=\box95
\@tempa=\box96
\@tempa=\box97
\@tempa=\box98
\@tempa=\box99
\@tempa=\box100
\@tempa=\box101
\@tempa=\box102
\@tempa=\box103
\@tempa=\box104
\@tempa=\box105
\c@minrows=\count286
\c@columnbadness=\count287
\c@finalcolumnbadness=\count288
\last@try=\dimen168
\multicolovershoot=\dimen169
\multicolundershoot=\dimen170
\mult@nat@firstbox=\box106
\colbreak@box=\box107
\mc@col@check@num=\count289
)
(/usr/share/texmf-dist/tex/latex/multirow/multirow.sty
Package: multirow 2021/03/15 v2.8 Span multiple rows of a table
\multirow@colwidth=\skip63
\multirow@cntb=\count290
\multirow@dima=\skip64
\bigstrutjot=\dimen171
)
(/usr/share/texmf-dist/tex/latex/hanging/hanging.sty
Package: hanging 2009/09/02 v1.2b hanging paragraphs and punctuation
\h@ngcommawd=\skip65
\h@ngfstopwd=\skip66
\h@ngquotewd=\skip67
\h@ngdquotewd=\skip68
\h@ngquerywd=\skip69
\h@ngexclwd=\skip70
\h@ngcolonwd=\skip71
\h@ngscolonwd=\skip72
)
(/usr/share/texmf-dist/tex/generic/iftex/ifpdf.sty
Package: ifpdf 2019/10/25 v3.4 ifpdf legacy package. Use iftex instead.

(/usr/share/texmf-dist/tex/generic/iftex/iftex.sty
Package: iftex 2022/02/03 v1.0f TeX engine tests
))
(/usr/share/texmf-dist/tex/latex/adjustbox/adjustbox.sty
Package: adjustbox 2022/10/17 v1.3a Adjusting TeX boxes (trim, clip, ...)

(/usr/share/texmf-dist/tex/latex/xkeyval/xkeyval.sty
Package: xkeyval 2022/06/16 v2.9 package option processing (HA)

(/usr/share/texmf-dist/tex/generic/xkeyval/xkeyval.tex
(/usr/share/texmf-dist/tex/generic/xkeyval/xkvutils.tex
\XKV@toks=\toks27
\XKV@tempa@toks=\toks28
)
\XKV@depth=\count291
File: xkeyval.tex 2014/12/03 v2.7a key=value parser (HA)
))
(/usr/share/texmf-dist/tex/latex/adjustbox/adjcalc.sty
Package: adjcalc 2012/05/16 v1.1 Provides advanced setlength with multiple back
-ends (calc, etex, pgfmath)
)
(/usr/share/texmf-dist/tex/latex/adjustbox/trimclip.sty
Package: trimclip 2020/08/19 v1.2 Trim and clip general TeX material

(/usr/share/texmf-dist/tex/latex/graphics/graphicx.sty
Package: graphicx 2021/09/16 v1.2d Enhanced LaTeX Graphics (DPC,SPQR)

(/usr/share/texmf-dist/tex/latex/graphics/graphics.sty
Package: graphics 2022/03/10 v1.4e Standard LaTeX Graphics (DPC,SPQR)

(/usr/share/texmf-dist/tex/latex/graphics/trig.sty
Package: trig 2021/08/11 v1.11 sin cos tan (DPC)
)
(/usr/share/texmf-dist/tex/latex/graphics-cfg/graphics.cfg
File: graphics.cfg 2016/06/04 v1.11 sample graphics configuration
)
Package graphics Info: Driver file: pdftex.def on input line 107.
)
\Gin@req@height=\dimen172
\Gin@req@width=\dimen173
)
(/usr/share/texmf-dist/tex/latex/collectbox/collectbox.sty
Package: collectbox 2022/10/17 v0.4c Collect macro arguments as boxes
\collectedbox=\box108
)
\tc@llx=\dimen174
\tc@lly=\dimen175
\tc@urx=\dimen176
\tc@ury=\dimen177
Package trimclip Info: Using driver 'tc-pdftex.def'.

(/usr/share/texmf-dist/tex/latex/adjustbox/tc-pdftex.def
File: tc-pdftex.def 2019/01/04 v2.2 Clipping driver for pdftex
))
\adjbox@Width=\dimen178
\adjbox@Height=\dimen179
\adjbox@Depth=\dimen180
\adjbox@Totalheight=\dimen181
\adjbox@pwidth=\dimen182
\adjbox@pheight=\dimen183
\adjbox@pdepth=\dimen184
\adjbox@ptotalheight=\dimen185

(/usr/share/texmf-dist/tex/latex/ifoddpage/ifoddpage.sty
Package: ifoddpage 2022/10/18 v1.2 Conditionals for odd/even page detection
\c@checkoddpage=\count292
))
(/usr/share/texmf-dist/tex/latex/amsfonts/amssymb.sty
Package: amssymb 2013/01/14 v3.01 AMS font symbols

(/usr/share/texmf-dist/tex/latex/amsfonts/amsfonts.sty
Package: amsfonts 2013/01/14 v3.01 Basic AMSFonts support
\@emptytoks=\toks29
\symAMSa=\mathgroup4
\symAMSb=\mathgroup5
LaTeX Font Info:    Redeclaring math symbol \hbar on input line 98.
LaTeX Font Info:    Overwriting math alphabet `\mathfrak' in version `bold'
(Font)                  U/euf/m/n --> U/euf/b/n on input line 106.
))
(/usr/share/texmf-dist/tex/latex/stackengine/stackengine.sty
Package: stackengine 2021/07/22 v4.11\ Stacking text and objects in convenient 
ways

(/usr/share/texmf-dist/tex/latex/etoolbox/etoolbox.sty
Package: etoolbox 2020/10/05 v2.5k e-TeX tools for LaTeX (JAW)
\etb@tempcnta=\count293
)
(/usr/share/texmf-dist/tex/generic/listofitems/listofitems.sty
(/usr/share/texmf-dist/tex/generic/listofitems/listofitems.tex
\loi_cnt_foreach_nest=\count294
\loi_nestcnt=\count295
)
Package: listofitems 2019/08/21 v1.63 Grab items in lists using user-specified 
sep char (CT)
)
\c@@stackindex=\count296
\@boxshift=\skip73
\stack@tmplength=\skip74
\temp@stkl=\skip75
\@stackedboxwidth=\skip76
\@addedbox=\box109
\@anchorbox=\box110
\@insetbox=\box111
\se@backgroundbox=\box112
\stackedbox=\box113
\@centerbox=\box114
\c@ROWcellindex@=\count297
)
(/usr/share/texmf-dist/tex/latex/enumitem/enumitem.sty
Package: enumitem 2019/06/20 v3.9 Customized lists
\labelindent=\skip77
\enit@outerparindent=\dimen186
\enit@toks=\toks30
\enit@inbox=\box115
\enit@count@id=\count298
\enitdp@description=\count299
)
(/usr/share/texmf-dist/tex/generic/alphalph/alphalph.sty
Package: alphalph 2019/12/09 v2.6 Convert numbers to letters (HO)

(/usr/share/texmf-dist/tex/generic/infwarerr/infwarerr.sty
Package: infwarerr 2019/12/03 v1.5 Providing info/warning/error messages (HO)
)
(/usr/share/texmf-dist/tex/generic/intcalc/intcalc.sty
Package: intcalc 2019/12/15 v1.3 Expandable calculations with integers (HO)
))
(/usr/share/texmf-dist/tex/generic/ulem/ulem.sty
\UL@box=\box116
\UL@hyphenbox=\box117
\UL@skip=\skip78
\UL@hook=\toks31
\UL@height=\dimen187
\UL@pe=\count300
\UL@pixel=\dimen188
\ULC@box=\box118
Package: ulem 2019/11/18
\ULdepth=\dimen189
)
\xrefbox=\box119
\xreflength=\skip79
\CodeWidthChar=\skip80
\CodeHeightChar=\skip81
\DoxyCodeWidth=\skip82
\c@DoxyEnumeratei=\count301
\c@DoxyEnumerateii=\count302
\c@DoxyEnumerateiii=\count303
\c@DoxyEnumerateiv=\count304
\c@DoxyEnumeratev=\count305
\c@DoxyEnumeratevi=\count306
\c@DoxyEnumeratevii=\count307
\c@DoxyEnumerateviii=\count308
\c@DoxyEnumerateix=\count309
\c@DoxyEnumeratex=\count310
\c@DoxyEnumeratexi=\count311
\c@DoxyEnumeratexii=\count312
\enitdp@DoxyEnumerate=\count313
\enitdp@DoxyItemize=\count314
)
(/usr/share/texmf-dist/tex/latex/base/inputenc.sty
Package: inputenc 2021/02/14 v1.3d Input encoding file
\inpenc@prehook=\toks32
\inpenc@posthook=\toks33
)
(/usr/share/texmf-dist/tex/latex/base/makeidx.sty
Package: makeidx 2021/10/04 v1.0m Standard LaTeX package
)
(/usr/share/texmf-dist/tex/latex/base/textcomp.sty
Package: textcomp 2020/02/02 v2.0n Standard LaTeX package
)
(/usr/share/texmf-dist/tex/latex/wasysym/wasysym.sty
Package: wasysym 2020/01/19 v2.4 Wasy-2 symbol support package
\symwasy=\mathgroup6
LaTeX Font Info:    Overwriting symbol font `wasy' in version `bold'
(Font)                  U/wasy/m/n --> U/wasy/b/n on input line 93.
)
(/usr/share/texmf-dist/tex/generic/iftex/ifxetex.sty
Package: ifxetex 2019/10/25 v0.7 ifxetex legacy package. Use iftex instead.
)
(/usr/share/texmf-dist/tex/latex/base/fontenc.sty
Package: fontenc 2021/04/29 v2.0v Standard LaTeX package
)
(/usr/share/texmf-dist/tex/latex/psnfss/helvet.sty
Package: helvet 2020/03/25 PSNFSS-v9.3 (WaS) 
)
(/usr/share/texmf-dist/tex/latex/psnfss/courier.sty
Package: courier 2020/03/25 PSNFSS-v9.3 (WaS) 
)
(/usr/share/texmf-dist/tex/latex/sectsty/sectsty.sty
Package: sectsty 2002/02/25 v2.0.2 Commands to change all sectional heading sty
les


LaTeX Warning: Command \underbar  has changed.
               Check if current package is valid.


LaTeX Warning: Command \underline  has changed.
               Check if current package is valid.

) (/usr/share/texmf-dist/tex/latex/geometry/geometry.sty
Package: geometry 2020/01/02 v5.9 Page Geometry

(/usr/share/texmf-dist/tex/generic/iftex/ifvtex.sty
Package: ifvtex 2019/10/25 v1.7 ifvtex legacy package. Use iftex instead.
)
\Gm@cnth=\count315
\Gm@cntv=\count316
\c@Gm@tempcnt=\count317
\Gm@bindingoffset=\dimen190
\Gm@wd@mp=\dimen191
\Gm@odd@mp=\dimen192
\Gm@even@mp=\dimen193
\Gm@layoutwidth=\dimen194
\Gm@layoutheight=\dimen195
\Gm@layouthoffset=\dimen196
\Gm@layoutvoffset=\dimen197
\Gm@dimlist=\toks34
)
(/usr/share/texmf-dist/tex/latex/changepage/changepage.sty
Package: changepage 2009/10/20 v1.0c check page and change page layout
\c@cp@cntr=\count318
\cp@tempcnt=\count319
LaTeX Info: Redefining \checkoddpage on input line 59.
)
(/usr/share/texmf-dist/tex/latex/fancyhdr/fancyhdr.sty
Package: fancyhdr 2022/11/09 v4.1 Extensive control of page headers and footers

\f@nch@headwidth=\skip83
\f@nch@O@elh=\skip84
\f@nch@O@erh=\skip85
\f@nch@O@olh=\skip86
\f@nch@O@orh=\skip87
\f@nch@O@elf=\skip88
\f@nch@O@erf=\skip89
\f@nch@O@olf=\skip90
\f@nch@O@orf=\skip91
)
(/usr/share/texmf-dist/tex/latex/natbib/natbib.sty
Package: natbib 2010/09/13 8.31b (PWD, AO)
\bibhang=\skip92
\bibsep=\skip93
LaTeX Info: Redefining \cite on input line 694.
\c@NAT@ctr=\count320
)
(/usr/share/texmf-dist/tex/latex/tocloft/tocloft.sty
Package: tocloft 2017/08/31 v2.3i parameterised ToC, etc., typesetting
Package tocloft Info: The document has section divisions on input line 51.
\cftparskip=\skip94
\cftbeforetoctitleskip=\skip95
\cftaftertoctitleskip=\skip96
\cftbeforepartskip=\skip97
\cftpartnumwidth=\skip98
\cftpartindent=\skip99
\cftbeforesecskip=\skip100
\cftsecindent=\skip101
\cftsecnumwidth=\skip102
\cftbeforesubsecskip=\skip103
\cftsubsecindent=\skip104
\cftsubsecnumwidth=\skip105
\cftbeforesubsubsecskip=\skip106
\cftsubsubsecindent=\skip107
\cftsubsubsecnumwidth=\skip108
\cftbeforeparaskip=\skip109
\cftparaindent=\skip110
\cftparanumwidth=\skip111
\cftbeforesubparaskip=\skip112
\cftsubparaindent=\skip113
\cftsubparanumwidth=\skip114
\cftbeforeloftitleskip=\skip115
\cftafterloftitleskip=\skip116
\cftbeforefigskip=\skip117
\cftfigindent=\skip118
\cftfignumwidth=\skip119
\c@lofdepth=\count321
\c@lotdepth=\count322
\cftbeforelottitleskip=\skip120
\cftafterlottitleskip=\skip121
\cftbeforetabskip=\skip122
\cfttabindent=\skip123
\cfttabnumwidth=\skip124
)
\@indexfile=\write4
\openout4 = `refman.idx'.


Writing index file refman.idx
(/usr/share/texmf-dist/tex/latex/newunicodechar/newunicodechar.sty
Package: newunicodechar 2018/04/08 v1.2 Defining Unicode characters
)

Package newunicodechar Warning: Redefining Unicode character on input line 114.



Package newunicodechar Warning: Redefining Unicode character on input line 115.


(/usr/share/texmf-dist/tex/latex/hyperref/hyperref.sty
Package: hyperref 2023-02-07 v7.00v Hypertext links for LaTeX

(/usr/share/texmf-dist/tex/generic/ltxcmds/ltxcmds.sty
Package: ltxcmds 2020-05-10 v1.25 LaTeX kernel commands for general use (HO)
)
(/usr/share/texmf-dist/tex/generic/pdftexcmds/pdftexcmds.sty
Package: pdftexcmds 2020-06-27 v0.33 Utility functions of pdfTeX for LuaTeX (HO
)
Package pdftexcmds Info: \pdf@primitive is available.
Package pdftexcmds Info: \pdf@ifprimitive is available.
Package pdftexcmds Info: \pdfdraftmode found.
)
(/usr/share/texmf-dist/tex/latex/kvsetkeys/kvsetkeys.sty
Package: kvsetkeys 2022-10-05 v1.19 Key value parser (HO)
)
(/usr/share/texmf-dist/tex/generic/kvdefinekeys/kvdefinekeys.sty
Package: kvdefinekeys 2019-12-19 v1.6 Define keys (HO)
)
(/usr/share/texmf-dist/tex/generic/pdfescape/pdfescape.sty
Package: pdfescape 2019/12/09 v1.15 Implements pdfTeX's escape features (HO)
)
(/usr/share/texmf-dist/tex/latex/hycolor/hycolor.sty
Package: hycolor 2020-01-27 v1.10 Color options for hyperref/bookmark (HO)
)
(/usr/share/texmf-dist/tex/latex/letltxmacro/letltxmacro.sty
Package: letltxmacro 2019/12/03 v1.6 Let assignment for LaTeX macros (HO)
)
(/usr/share/texmf-dist/tex/latex/auxhook/auxhook.sty
Package: auxhook 2019-12-17 v1.6 Hooks for auxiliary files (HO)
)
(/usr/share/texmf-dist/tex/latex/hyperref/nameref.sty
Package: nameref 2022-05-17 v2.50 Cross-referencing by name of section

(/usr/share/texmf-dist/tex/latex/refcount/refcount.sty
Package: refcount 2019/12/15 v3.6 Data extraction from label references (HO)
)
(/usr/share/texmf-dist/tex/generic/gettitlestring/gettitlestring.sty
Package: gettitlestring 2019/12/15 v1.6 Cleanup title references (HO)

(/usr/share/texmf-dist/tex/latex/kvoptions/kvoptions.sty
Package: kvoptions 2022-06-15 v3.15 Key value format for package options (HO)
))
\c@section@level=\count323
)
\@linkdim=\dimen198
\Hy@linkcounter=\count324
\Hy@pagecounter=\count325

(/usr/share/texmf-dist/tex/latex/hyperref/pd1enc.def
File: pd1enc.def 2023-02-07 v7.00v Hyperref: PDFDocEncoding definition (HO)
Now handling font encoding PD1 ...
... no UTF-8 mapping file for font encoding PD1
)
(/usr/share/texmf-dist/tex/generic/etexcmds/etexcmds.sty
Package: etexcmds 2019/12/15 v1.7 Avoid name clashes with e-TeX commands (HO)
)
\Hy@SavedSpaceFactor=\count326

(/usr/share/texmf-dist/tex/latex/hyperref/puenc.def
File: puenc.def 2023-02-07 v7.00v Hyperref: PDF Unicode definition (HO)
Now handling font encoding PU ...
... no UTF-8 mapping file for font encoding PU
)
Package hyperref Info: Hyper figures OFF on input line 4177.
Package hyperref Info: Link nesting OFF on input line 4182.
Package hyperref Info: Hyper index ON on input line 4185.
Package hyperref Info: Plain pages OFF on input line 4192.
Package hyperref Info: Backreferencing ON on input line 4195.
Package hyperref Info: Implicit mode ON; LaTeX internals redefined.
Package hyperref Info: Bookmarks ON on input line 4425.

(/usr/share/texmf-dist/tex/latex/hyperref/backref.sty
Package: backref 2021/02/04 v1.41 Bibliographical back referencing

(/usr/share/texmf-dist/tex/latex/rerunfilecheck/rerunfilecheck.sty
Package: rerunfilecheck 2022-07-10 v1.10 Rerun checks for auxiliary files (HO)

(/usr/share/texmf-dist/tex/latex/base/atveryend-ltx.sty
Package: atveryend-ltx 2020/08/19 v1.0a Emulation of the original atveryend pac
kage
with kernel methods
)
(/usr/share/texmf-dist/tex/generic/uniquecounter/uniquecounter.sty
Package: uniquecounter 2019/12/15 v1.4 Provide unlimited unique counter (HO)

(/usr/share/texmf-dist/tex/generic/bigintcalc/bigintcalc.sty
Package: bigintcalc 2019/12/15 v1.5 Expandable calculations on big integers (HO
)
))
Package uniquecounter Info: New unique counter `rerunfilecheck' on input line 2
85.
))
\c@Hy@tempcnt=\count327

(/usr/share/texmf-dist/tex/latex/url/url.sty
\Urlmuskip=\muskip16
Package: url 2013/09/16  ver 3.4  Verb mode for urls, etc.
)
LaTeX Info: Redefining \url on input line 4763.
\XeTeXLinkMargin=\dimen199

(/usr/share/texmf-dist/tex/generic/bitset/bitset.sty
Package: bitset 2019/12/09 v1.3 Handle bit-vector datatype (HO)
)
\Fld@menulength=\count328
\Field@Width=\dimen256
\Fld@charsize=\dimen257
Package hyperref Info: Hyper figures OFF on input line 6042.
Package hyperref Info: Link nesting OFF on input line 6047.
Package hyperref Info: Hyper index ON on input line 6050.
Package hyperref Info: backreferencing ON on input line 6055.
Package hyperref Info: Link coloring OFF on input line 6062.
Package hyperref Info: Link coloring with OCG OFF on input line 6067.
Package hyperref Info: PDF/A mode OFF on input line 6072.

(/usr/share/texmf-dist/tex/latex/base/atbegshi-ltx.sty
Package: atbegshi-ltx 2021/01/10 v1.0c Emulation of the original atbegshi
package with kernel methods
)
\Hy@abspage=\count329
\c@Item=\count330
\c@Hfootnote=\count331


LaTeX Warning: Command \LT@p@ftntext  has changed.
               Check if current package is valid.

)
Package hyperref Info: Driver: hpdftex.
 (/usr/share/texmf-dist/tex/latex/hyperref/hpdftex.def
File: hpdftex.def 2023-02-07 v7.00v Hyperref driver for pdfTeX
\Fld@listcount=\count332
\c@bookmark@seq@number=\count333
\Hy@SectionHShift=\skip125
)
Package hyperref Info: Option `colorlinks' set `true' on input line 134.
Package hyperref Info: Option `unicode' set `true' on input line 134.

(/usr/share/texmf-dist/tex/latex/caption/caption.sty
Package: caption 2023/03/12 v3.6j Customizing captions (AR)

(/usr/share/texmf-dist/tex/latex/caption/caption3.sty
Package: caption3 2023/03/12 v2.4 caption3 kernel (AR)
\caption@tempdima=\dimen258
\captionmargin=\dimen259
\caption@leftmargin=\dimen260
\caption@rightmargin=\dimen261
\caption@width=\dimen262
\caption@indent=\dimen263
\caption@parindent=\dimen264
\caption@hangindent=\dimen265
Package caption Info: Standard document class detected.
)
\c@caption@flags=\count334
\c@continuedfloat=\count335
Package caption Info: changepage package is loaded.
\caption@adjustwidth@hsize=\dimen266
\caption@adjustwidth@linewidth=\dimen267
Package caption Info: float package is loaded.
Package caption Info: hyperref package is loaded.
Package caption Info: longtable package is loaded.

(/usr/share/texmf-dist/tex/latex/caption/ltcaption.sty
Package: ltcaption 2021/01/08 v1.4c longtable captions (AR)
))
(/usr/share/texmf-dist/tex/latex/etoc/etoc.sty
Package: etoc 2023/03/01 v1.2 Completely customisable TOCs (JFB)
\Etoc@toctoks=\toks35
\c@etoc@tocid=\count336
\etoc@framed@titlebox=\box120
\etoc@framed@contentsbox=\box121
)
LaTeX Font Info:    Trying to load font information for T1+phv on input line 15
0.

(/usr/share/texmf-dist/tex/latex/psnfss/t1phv.fd
File: t1phv.fd 2020/03/25 scalable font definitions for T1/phv.
)
LaTeX Font Info:    Font shape `T1/phv/m/n' will be
(Font)              scaled to size 8.99994pt on input line 150.

(/usr/share/texmf-dist/tex/latex/l3backend/l3backend-pdftex.def
File: l3backend-pdftex.def 2023-01-16 L3 backend support: PDF output (pdfTeX)
\l__color_backend_stack_int=\count337
\l__pdf_internal_box=\box122
) (./refman.aux)
\openout1 = `refman.aux'.

LaTeX Font Info:    Checking defaults for OML/cmm/m/it on input line 150.
LaTeX Font Info:    ... okay on input line 150.
LaTeX Font Info:    Checking defaults for OMS/cmsy/m/n on input line 150.
LaTeX Font Info:    ... okay on input line 150.
LaTeX Font Info:    Checking defaults for OT1/cmr/m/n on input line 150.
LaTeX Font Info:    ... okay on input line 150.
LaTeX Font Info:    Checking defaults for T1/cmr/m/n on input line 150.
LaTeX Font Info:    ... okay on input line 150.
LaTeX Font Info:    Checking defaults for TS1/cmr/m/n on input line 150.
LaTeX Font Info:    ... okay on input line 150.
LaTeX Font Info:    Checking defaults for OMX/cmex/m/n on input line 150.
LaTeX Font Info:    ... okay on input line 150.
LaTeX Font Info:    Checking defaults for U/cmr/m/n on input line 150.
LaTeX Font Info:    ... okay on input line 150.
LaTeX Font Info:    Checking defaults for PD1/pdf/m/n on input line 150.
LaTeX Font Info:    ... okay on input line 150.
LaTeX Font Info:    Checking defaults for PU/pdf/m/n on input line 150.
LaTeX Font Info:    ... okay on input line 150.
(/usr/share/texmf-dist/tex/context/base/mkii/supp-pdf.mkii
[Loading MPS to PDF converter (version 2006.09.02).]
\scratchcounter=\count338
\scratchdimen=\dimen268
\scratchbox=\box123
\nofMPsegments=\count339
\nofMParguments=\count340
\everyMPshowfont=\toks36
\MPscratchCnt=\count341
\MPscratchDim=\dimen269
\MPnumerator=\count342
\makeMPintoPDFobject=\count343
\everyMPtoPDFconversion=\toks37
) (/usr/share/texmf-dist/tex/latex/epstopdf-pkg/epstopdf-base.sty
Package: epstopdf-base 2020-01-24 v2.11 Base part for package epstopdf
Package epstopdf-base Info: Redefining graphics rule for `.eps' on input line 4
85.

(/usr/share/texmf-dist/tex/latex/latexconfig/epstopdf-sys.cfg
File: epstopdf-sys.cfg 2010/07/13 v1.3 Configuration of (r)epstopdf for TeX Liv
e
))
*geometry* driver: auto-detecting
*geometry* detected driver: pdftex
*geometry* verbose mode - [ preamble ] result:
* driver: pdftex
* paper: a4paper
* layout: <same size as paper>
* layoutoffset:(h,v)=(0.0pt,0.0pt)
* modes: twoside 
* h-part:(L,W,R)=(71.13188pt, 455.24411pt, 71.13188pt)
* v-part:(T,H,B)=(71.13188pt, 702.78308pt, 71.13188pt)
* \paperwidth=597.50787pt
* \paperheight=845.04684pt
* \textwidth=455.24411pt
* \textheight=702.78308pt
* \oddsidemargin=-1.1381pt
* \evensidemargin=-1.1381pt
* \topmargin=-38.1381pt
* \headheight=12.0pt
* \headsep=25.0pt
* \topskip=10.0pt
* \footskip=30.0pt
* \marginparwidth=121.0pt
* \marginparsep=11.0pt
* \columnsep=10.0pt
* \skip\footins=9.0pt plus 4.0pt minus 2.0pt
* \hoffset=0.0pt
* \voffset=0.0pt
* \mag=1000
* \@twocolumnfalse
* \@twosidetrue
* \@mparswitchtrue
* \@reversemarginfalse
* (1in=72.27pt=25.4mm, 1cm=28.453pt)

Package backref Info: ** backref set up for natbib ** on input line 150.
Package hyperref Info: Link coloring ON on input line 150.
(./refman.out) (./refman.out)
\@outlinefile=\write5
\openout5 = `refman.out'.

Package caption Info: Begin \AtBeginDocument code.
Package caption Info: End \AtBeginDocument code.
\Etoc@tf=\read4
Package hyperref Info: Option `pageanchor' set `false' on input line 158.
Package hyperref Info: Option `bookmarksnumbered' set `true' on input line 158.

Package hyperref Info: Option `unicode' set `true' on input line 158.
LaTeX Font Info:    Font shape `T1/phv/m/n' will be
(Font)              scaled to size 12.9599pt on input line 163.
LaTeX Font Info:    Font shape `T1/phv/m/n' will be
(Font)              scaled to size 10.79993pt on input line 165.
 [1

{/var/lib/texmf/fonts/map/pdftex/updmap/pdftex.map}{/usr/share/texmf-dist/fonts
/enc/dvips/base/8r.enc}]
\tf@toc=\write6
\openout6 = `refman.toc'.

LaTeX Font Info:    Font shape `T1/phv/b/n' will be
(Font)              scaled to size 8.99994pt on input line 170.
LaTeX Font Info:    Trying to load font information for U+msa on input line 170
.

(/usr/share/texmf-dist/tex/latex/amsfonts/umsa.fd
File: umsa.fd 2013/01/14 v3.01 AMS symbols A
)
LaTeX Font Info:    Trying to load font information for U+msb on input line 170
.

(/usr/share/texmf-dist/tex/latex/amsfonts/umsb.fd
File: umsb.fd 2013/01/14 v3.01 AMS symbols B
)
LaTeX Font Info:    Trying to load font information for U+wasy on input line 17
0.

(/usr/share/texmf-dist/tex/latex/wasysym/uwasy.fd
File: uwasy.fd 2020/01/19 v2.4 Wasy-2 symbol font definitions
)
LaTeX Font Info:    Font shape `T1/phv/m/n' will be
(Font)              scaled to size 6.29996pt on input line 170.
LaTeX Font Info:    Font shape `T1/phv/b/n' will be
(Font)              scaled to size 6.29996pt on input line 170.
 [1] [2]
Package hyperref Info: Option `pageanchor' set `true' on input line 172.
LaTeX Font Info:    Font shape `T1/phv/b/n' will be
(Font)              scaled to size 12.9599pt on input line 174.

(./d0/d30/md_README.tex
LaTeX Font Info:    Font shape `T1/phv/b/n' will be
(Font)              scaled to size 10.79993pt on input line 1.
LaTeX Font Info:    Trying to load font information for TS1+phv on input line 5
.
 (/usr/share/texmf-dist/tex/latex/psnfss/ts1phv.fd
File: ts1phv.fd 2020/03/25 scalable font definitions for TS1/phv.
)
LaTeX Font Info:    Font shape `TS1/phv/m/n' will be
(Font)              scaled to size 8.99994pt on input line 5.
 <./neovimLook.pdf>
<neovimLook.pdf, id=443, 999.735pt x 718.685pt>
File: neovimLook.pdf Graphic file (type pdf)
<use neovimLook.pdf>
Package pdftex.def Info: neovimLook.pdf  used on input line 41.
(pdftex.def)             Requested size: 284.52756pt x 204.54222pt.
 [1] <./baseVimLook.pdf>
<baseVimLook.pdf, id=455, 389.455pt x 214.8025pt>
File: baseVimLook.pdf Graphic file (type pdf)
<use baseVimLook.pdf>
Package pdftex.def Info: baseVimLook.pdf  used on input line 48.
(pdftex.def)             Requested size: 284.52756pt x 156.93562pt.
 <./Kamil_info.pdf>
<Kamil_info.pdf, id=458, 914.41624pt x 564.1075pt>
File: Kamil_info.pdf Graphic file (type pdf)
<use Kamil_info.pdf>
Package pdftex.def Info: Kamil_info.pdf  used on input line 58.
(pdftex.def)             Requested size: 455.23965pt x 280.83939pt.
 [2] [3]
LaTeX Font Info:    Trying to load font information for T1+pcr on input line 10
6.

(/usr/share/texmf-dist/tex/latex/psnfss/t1pcr.fd
File: t1pcr.fd 2001/06/04 font definitions for T1/pcr.
) [4] [5])
(./db/da1/md_resource_fonts_Agave_readme.tex) (./namespaces.tex)
(./hierarchy.tex [6]) (./annotated.tex) (./files.tex [7])
(./dc/d32/namespaceKEYS.tex [8]
LaTeX Font Info:    Font shape `T1/phv/m/n' will be
(Font)              scaled to size 7.19995pt on input line 37.
) (./d1/d51/classCmdBox.tex <./da/d26/classCmdBox__inherit__graph.pdf

pdfTeX warning: pdflatex (file ./da/d26/classCmdBox__inherit__graph.pdf): PDF i
nclusion: multiple pdfs with page group included in a single page
>
<da/d26/classCmdBox__inherit__graph.pdf, id=634, 242.9075pt x 807.015pt>
File: da/d26/classCmdBox__inherit__graph.pdf Graphic file (type pdf)
<use da/d26/classCmdBox__inherit__graph.pdf>
Package pdftex.def Info: da/d26/classCmdBox__inherit__graph.pdf  used on input 
line 18.
(pdftex.def)             Requested size: 165.54926pt x 550.0pt.
 [9] <./de/df0/classCmdBox__coll__graph.pdf

pdfTeX warning: pdflatex (file ./de/df0/classCmdBox__coll__graph.pdf): PDF incl
usion: multiple pdfs with page group included in a single page
>
<de/df0/classCmdBox__coll__graph.pdf, id=651, 992.70876pt x 711.65875pt>
File: de/df0/classCmdBox__coll__graph.pdf Graphic file (type pdf)
<use de/df0/classCmdBox__coll__graph.pdf>
Package pdftex.def Info: de/df0/classCmdBox__coll__graph.pdf  used on input lin
e 27.
(pdftex.def)             Requested size: 350.0pt x 250.9086pt.
 [10]
LaTeX Font Info:    Font shape `T1/phv/m/n' will be
(Font)              scaled to size 8.09995pt on input line 34.
LaTeX Font Info:    Font shape `T1/phv/m/it' in size <9> not available
(Font)              Font shape `T1/phv/m/sl' tried instead on input line 34.
LaTeX Font Info:    Font shape `T1/phv/m/sl' will be
(Font)              scaled to size 8.09995pt on input line 34.
LaTeX Font Info:    Font shape `T1/phv/m/it' in size <7> not available
(Font)              Font shape `T1/phv/m/sl' tried instead on input line 34.
LaTeX Font Info:    Font shape `T1/phv/m/sl' will be
(Font)              scaled to size 6.29996pt on input line 34.
 [11]
LaTeX Font Info:    Font shape `T1/phv/b/n' will be
(Font)              scaled to size 7.19995pt on input line 111.
LaTeX Font Info:    Font shape `T1/pcr/m/it' in size <8> not available
(Font)              Font shape `T1/pcr/m/sl' tried instead on input line 121.
 [12]) (./d1/d10/structDocument_1_1Config.tex <./d7/df7/structDocument_1_1Confi
g__coll__graph.pdf

pdfTeX warning: pdflatex (file ./d7/df7/structDocument_1_1Config__coll__graph.p
df): PDF inclusion: multiple pdfs with page group included in a single page
>
<d7/df7/structDocument_1_1Config__coll__graph.pdf, id=773, 238.8925pt x 384.436
25pt>
File: d7/df7/structDocument_1_1Config__coll__graph.pdf Graphic file (type pdf)
<use d7/df7/structDocument_1_1Config__coll__graph.pdf>
Package pdftex.def Info: d7/df7/structDocument_1_1Config__coll__graph.pdf  used
 on input line 18.
(pdftex.def)             Requested size: 238.0pt x 382.99812pt.
 [13] [14]) (./d1/d67/classDocument.tex <./da/d5f/classDocument__coll__graph.pd
f>
<da/d5f/classDocument__coll__graph.pdf, id=811, 218.8175pt x 443.6575pt>
File: da/d5f/classDocument__coll__graph.pdf Graphic file (type pdf)
<use da/d5f/classDocument__coll__graph.pdf>
Package pdftex.def Info: da/d5f/classDocument__coll__graph.pdf  used on input l
ine 18.
(pdftex.def)             Requested size: 218.0pt x 442.0046pt.
 [15]
Underfull \hbox (badness 1783) in paragraph at lines 32--32
[]\T1/phv/m/sl/9 Constructor for [] class png/[]Document/doc[]Const1.[]png eps/
[]Document/doc[]Const1.[]eps Con-struc-tor for
 []

[16] [17]
Underfull \hbox (badness 10000) detected at line 132
[][][]
 []

 <./d1/d67/classDocument_ab9693ac587427e6f6dccdf5cc4c6cc6e_icgraph.pdf

pdfTeX warning: pdflatex (file ./d1/d67/classDocument_ab9693ac587427e6f6dccdf5c
c4c6cc6e_icgraph.pdf): PDF inclusion: multiple pdfs with page group included in
 a single page
>
<d1/d67/classDocument_ab9693ac587427e6f6dccdf5cc4c6cc6e_icgraph.pdf, id=894, 29
5.1025pt x 100.375pt>
File: d1/d67/classDocument_ab9693ac587427e6f6dccdf5cc4c6cc6e_icgraph.pdf Graphi
c file (type pdf)
<use d1/d67/classDocument_ab9693ac587427e6f6dccdf5cc4c6cc6e_icgraph.pdf>
Package pdftex.def Info: d1/d67/classDocument_ab9693ac587427e6f6dccdf5cc4c6cc6e
_icgraph.pdf  used on input line 139.
(pdftex.def)             Requested size: 294.0pt x 100.00255pt.
 [18]
Underfull \hbox (badness 10000) detected at line 157
[][][]
 []

 <./d1/d67/classDocument_a30a0627844cc96d37271184f7a6acc2c_icgraph.pdf>
<d1/d67/classDocument_a30a0627844cc96d37271184f7a6acc2c_icgraph.pdf, id=913, 26
4.99pt x 100.375pt>
File: d1/d67/classDocument_a30a0627844cc96d37271184f7a6acc2c_icgraph.pdf Graphi
c file (type pdf)
<use d1/d67/classDocument_a30a0627844cc96d37271184f7a6acc2c_icgraph.pdf>
Package pdftex.def Info: d1/d67/classDocument_a30a0627844cc96d37271184f7a6acc2c
_icgraph.pdf  used on input line 166.
(pdftex.def)             Requested size: 264.0pt x 100.00716pt.

Underfull \hbox (badness 10000) detected at line 184
[][][]
 []

[19]
Underfull \hbox (badness 10000) detected at line 204
[][][]
 []

 <./d1/d67/classDocument_a047c15f0de308f773b7023e26eaae845_icgraph.pdf>
<d1/d67/classDocument_a047c15f0de308f773b7023e26eaae845_icgraph.pdf, id=934, 26
2.9825pt x 100.375pt>
File: d1/d67/classDocument_a047c15f0de308f773b7023e26eaae845_icgraph.pdf Graphi
c file (type pdf)
<use d1/d67/classDocument_a047c15f0de308f773b7023e26eaae845_icgraph.pdf>
Package pdftex.def Info: d1/d67/classDocument_a047c15f0de308f773b7023e26eaae845
_icgraph.pdf  used on input line 213.
(pdftex.def)             Requested size: 262.0pt x 100.00409pt.

Underfull \hbox (badness 10000) detected at line 231
[][][]
 []

 <./d1/d67/classDocument_ae7c19c8c497d76f99c3c3ab59e7fcd75_icgraph.pdf

pdfTeX warning: pdflatex (file ./d1/d67/classDocument_ae7c19c8c497d76f99c3c3ab5
9e7fcd75_icgraph.pdf): PDF inclusion: multiple pdfs with page group included in
 a single page
>
<d1/d67/classDocument_ae7c19c8c497d76f99c3c3ab59e7fcd75_icgraph.pdf, id=942, 30
1.125pt x 100.375pt>
File: d1/d67/classDocument_ae7c19c8c497d76f99c3c3ab59e7fcd75_icgraph.pdf Graphi
c file (type pdf)
<use d1/d67/classDocument_ae7c19c8c497d76f99c3c3ab59e7fcd75_icgraph.pdf>
Package pdftex.def Info: d1/d67/classDocument_ae7c19c8c497d76f99c3c3ab59e7fcd75
_icgraph.pdf  used on input line 238.
(pdftex.def)             Requested size: 300.0pt x 100.00868pt.
 [20]
Underfull \hbox (badness 10000) detected at line 256
[][][]
 []


Underfull \hbox (badness 10000) detected at line 274
[][][]
 []


Underfull \hbox (badness 10000) detected at line 284
[][][]
 []

 <./d1/d67/classDocument_a67e7f9b8c668a723b6f7173ae52e5c99_icgraph.pdf>
<d1/d67/classDocument_a67e7f9b8c668a723b6f7173ae52e5c99_icgraph.pdf, id=961, 23
3.87375pt x 100.375pt>
File: d1/d67/classDocument_a67e7f9b8c668a723b6f7173ae52e5c99_icgraph.pdf Graphi
c file (type pdf)
<use d1/d67/classDocument_a67e7f9b8c668a723b6f7173ae52e5c99_icgraph.pdf>
Package pdftex.def Info: d1/d67/classDocument_a67e7f9b8c668a723b6f7173ae52e5c99
_icgraph.pdf  used on input line 291.
(pdftex.def)             Requested size: 233.0pt x 100.00562pt.

[21]
Underfull \hbox (badness 10000) detected at line 311
[][][]
 []


Underfull \hbox (badness 10000) detected at line 321
[][][]
 []


Underfull \hbox (badness 10000) detected at line 339
[][][]
 []

 <./d1/d67/classDocument_aca32ae3080ab09048e7522281b4d7ba6_icgraph.pdf>
<d1/d67/classDocument_aca32ae3080ab09048e7522281b4d7ba6_icgraph.pdf, id=982, 28
7.0725pt x 100.375pt>
File: d1/d67/classDocument_aca32ae3080ab09048e7522281b4d7ba6_icgraph.pdf Graphi
c file (type pdf)
<use d1/d67/classDocument_aca32ae3080ab09048e7522281b4d7ba6_icgraph.pdf>
Package pdftex.def Info: d1/d67/classDocument_aca32ae3080ab09048e7522281b4d7ba6
_icgraph.pdf  used on input line 346.
(pdftex.def)             Requested size: 286.0pt x 100.00255pt.

[22]
Underfull \hbox (badness 10000) detected at line 364
[][][]
 []


Underfull \hbox (badness 10000) detected at line 384
[][][]
 []

 <./d1/d67/classDocument_a0ee9d0dc188296e457eb28202c45ffa6_icgraph.pdf

pdfTeX warning: pdflatex (file ./d1/d67/classDocument_a0ee9d0dc188296e457eb2820
2c45ffa6_icgraph.pdf): PDF inclusion: multiple pdfs with page group included in
 a single page
>
<d1/d67/classDocument_a0ee9d0dc188296e457eb28202c45ffa6_icgraph.pdf, id=1001, 2
89.08pt x 100.375pt>
File: d1/d67/classDocument_a0ee9d0dc188296e457eb28202c45ffa6_icgraph.pdf Graphi
c file (type pdf)
<use d1/d67/classDocument_a0ee9d0dc188296e457eb28202c45ffa6_icgraph.pdf>
Package pdftex.def Info: d1/d67/classDocument_a0ee9d0dc188296e457eb28202c45ffa6
_icgraph.pdf  used on input line 393.
(pdftex.def)             Requested size: 288.0pt x 100.00562pt.
 [23]
Underfull \hbox (badness 10000) detected at line 411
[][][]
 []

 <./d1/d67/classDocument_a47e3f3a9121cc4a3b69ed12433813519_icgraph.pdf>
<d1/d67/classDocument_a47e3f3a9121cc4a3b69ed12433813519_icgraph.pdf, id=1019, 3
01.125pt x 100.375pt>
File: d1/d67/classDocument_a47e3f3a9121cc4a3b69ed12433813519_icgraph.pdf Graphi
c file (type pdf)
<use d1/d67/classDocument_a47e3f3a9121cc4a3b69ed12433813519_icgraph.pdf>
Package pdftex.def Info: d1/d67/classDocument_a47e3f3a9121cc4a3b69ed12433813519
_icgraph.pdf  used on input line 418.
(pdftex.def)             Requested size: 300.0pt x 100.00868pt.

[24]
Underfull \hbox (badness 10000) detected at line 436
[][][]
 []

 <./d1/d67/classDocument_a473c0998c1c14411f6728b070cc78b05_icgraph.pdf>
<d1/d67/classDocument_a473c0998c1c14411f6728b070cc78b05_icgraph.pdf, id=1038, 3
00.12125pt x 100.375pt>
File: d1/d67/classDocument_a473c0998c1c14411f6728b070cc78b05_icgraph.pdf Graphi
c file (type pdf)
<use d1/d67/classDocument_a473c0998c1c14411f6728b070cc78b05_icgraph.pdf>
Package pdftex.def Info: d1/d67/classDocument_a473c0998c1c14411f6728b070cc78b05
_icgraph.pdf  used on input line 443.
(pdftex.def)             Requested size: 299.0pt x 100.00868pt.
)
(./dd/dc3/classEditor.tex <./d2/d52/classEditor__coll__graph.pdf

pdfTeX warning: pdflatex (file ./d2/d52/classEditor__coll__graph.pdf): PDF incl
usion: multiple pdfs with page group included in a single page
>
<d2/d52/classEditor__coll__graph.pdf, id=1049, 946.53625pt x 928.46875pt>
File: d2/d52/classEditor__coll__graph.pdf Graphic file (type pdf)
<use d2/d52/classEditor__coll__graph.pdf>
Package pdftex.def Info: d2/d52/classEditor__coll__graph.pdf  used on input lin
e 18.
(pdftex.def)             Requested size: 350.0pt x 343.31555pt.
 [25] [26] [27]
Underfull \hbox (badness 10000) detected at line 108
[][][]
 []

 <./dd/dc3/classEditor_a560909c31ad3cd0035c8d050f1042377_cgraph.pdf

pdfTeX warning: pdflatex (file ./dd/dc3/classEditor_a560909c31ad3cd0035c8d050f1
042377_cgraph.pdf): PDF inclusion: multiple pdfs with page group included in a 
single page
>
<dd/dc3/classEditor_a560909c31ad3cd0035c8d050f1042377_cgraph.pdf, id=1127, 506.
89375pt x 786.94pt>
File: dd/dc3/classEditor_a560909c31ad3cd0035c8d050f1042377_cgraph.pdf Graphic f
ile (type pdf)
<use dd/dc3/classEditor_a560909c31ad3cd0035c8d050f1042377_cgraph.pdf>
Package pdftex.def Info: dd/dc3/classEditor_a560909c31ad3cd0035c8d050f1042377_c
graph.pdf  used on input line 115.
(pdftex.def)             Requested size: 350.0pt x 543.37343pt.
 [28]
Underfull \hbox (badness 10000) detected at line 139
[][][]
 []

 <./dd/dc3/classEditor_aa9b974ac5e865ee0ddbe0a2ad3cf8f6c_cgraph.pdf>
<dd/dc3/classEditor_aa9b974ac5e865ee0ddbe0a2ad3cf8f6c_cgraph.pdf, id=1143, 384.
43625pt x 100.375pt>
File: dd/dc3/classEditor_aa9b974ac5e865ee0ddbe0a2ad3cf8f6c_cgraph.pdf Graphic f
ile (type pdf)
<use dd/dc3/classEditor_aa9b974ac5e865ee0ddbe0a2ad3cf8f6c_cgraph.pdf>
Package pdftex.def Info: dd/dc3/classEditor_aa9b974ac5e865ee0ddbe0a2ad3cf8f6c_c
graph.pdf  used on input line 146.
(pdftex.def)             Requested size: 350.0pt x 91.39038pt.
 <./dd/dc3/classEditor_aa9b974ac5e865ee0ddbe0a2ad3cf8f6c_icgraph.pdf

pdfTeX warning: pdflatex (file ./dd/dc3/classEditor_aa9b974ac5e865ee0ddbe0a2ad3
cf8f6c_icgraph.pdf): PDF inclusion: multiple pdfs with page group included in a
 single page
>
<dd/dc3/classEditor_aa9b974ac5e865ee0ddbe0a2ad3cf8f6c_icgraph.pdf, id=1151, 323
.2075pt x 100.375pt>
File: dd/dc3/classEditor_aa9b974ac5e865ee0ddbe0a2ad3cf8f6c_icgraph.pdf Graphic 
file (type pdf)
<use dd/dc3/classEditor_aa9b974ac5e865ee0ddbe0a2ad3cf8f6c_icgraph.pdf>
Package pdftex.def Info: dd/dc3/classEditor_aa9b974ac5e865ee0ddbe0a2ad3cf8f6c_i
cgraph.pdf  used on input line 153.
(pdftex.def)             Requested size: 322.0pt x 100.00562pt.
 [29] <./dd/dc3/classEditor_aedd478b558121157a9df6c216a0d64a1_cgraph.pdf>
<dd/dc3/classEditor_aedd478b558121157a9df6c216a0d64a1_cgraph.pdf, id=1173, 328.
22626pt x 176.66pt>
File: dd/dc3/classEditor_aedd478b558121157a9df6c216a0d64a1_cgraph.pdf Graphic f
ile (type pdf)
<use dd/dc3/classEditor_aedd478b558121157a9df6c216a0d64a1_cgraph.pdf>
Package pdftex.def Info: dd/dc3/classEditor_aedd478b558121157a9df6c216a0d64a1_c
graph.pdf  used on input line 177.
(pdftex.def)             Requested size: 327.0pt x 176.00183pt.

[30]) (./dc/dd2/classKeyboard.tex <./db/ddb/classKeyboard__coll__graph.pdf>
<db/ddb/classKeyboard__coll__graph.pdf, id=1200, 327.2225pt x 407.5225pt>
File: db/ddb/classKeyboard__coll__graph.pdf Graphic file (type pdf)
<use db/ddb/classKeyboard__coll__graph.pdf>
Package pdftex.def Info: db/ddb/classKeyboard__coll__graph.pdf  used on input l
ine 18.
(pdftex.def)             Requested size: 326.0pt x 405.99802pt.

[31] [32] [33]
Underfull \hbox (badness 10000) detected at line 104
[][][]
 []

 <./dc/dd2/classKeyboard_aa1a7684a8cdd57383590ca287b251e7d_icgraph.pdf

pdfTeX warning: pdflatex (file ./dc/dd2/classKeyboard_aa1a7684a8cdd57383590ca28
7b251e7d_icgraph.pdf): PDF inclusion: multiple pdfs with page group included in
 a single page
>
<dc/dd2/classKeyboard_aa1a7684a8cdd57383590ca287b251e7d_icgraph.pdf, id=1272, 4
68.75125pt x 100.375pt>
File: dc/dd2/classKeyboard_aa1a7684a8cdd57383590ca287b251e7d_icgraph.pdf Graphi
c file (type pdf)
<use dc/dd2/classKeyboard_aa1a7684a8cdd57383590ca287b251e7d_icgraph.pdf>
Package pdftex.def Info: dc/dd2/classKeyboard_aa1a7684a8cdd57383590ca287b251e7d
_icgraph.pdf  used on input line 111.
(pdftex.def)             Requested size: 350.0pt x 74.94563pt.

Underfull \hbox (badness 10000) detected at line 131
[][][]
 []

 <./dc/dd2/classKeyboard_ad14edd2f62d44ca40500e9616e9bdf62_icgraph.pdf

pdfTeX warning: pdflatex (file ./dc/dd2/classKeyboard_ad14edd2f62d44ca40500e961
6e9bdf62_icgraph.pdf): PDF inclusion: multiple pdfs with page group included in
 a single page
>
<dc/dd2/classKeyboard_ad14edd2f62d44ca40500e9616e9bdf62_icgraph.pdf, id=1280, 3
36.25626pt x 100.375pt>
File: dc/dd2/classKeyboard_ad14edd2f62d44ca40500e9616e9bdf62_icgraph.pdf Graphi
c file (type pdf)
<use dc/dd2/classKeyboard_ad14edd2f62d44ca40500e9616e9bdf62_icgraph.pdf>
Package pdftex.def Info: dc/dd2/classKeyboard_ad14edd2f62d44ca40500e9616e9bdf62
_icgraph.pdf  used on input line 138.
(pdftex.def)             Requested size: 335.0pt x 100.00102pt.
 [34]
Underfull \hbox (badness 10000) detected at line 158
[][][]
 []

 <./dc/dd2/classKeyboard_ad7fce631b48c46c4fbe0428abfda74fc_icgraph.pdf>
<dc/dd2/classKeyboard_ad7fce631b48c46c4fbe0428abfda74fc_icgraph.pdf, id=1300, 4
88.82625pt x 119.44624pt>
File: dc/dd2/classKeyboard_ad7fce631b48c46c4fbe0428abfda74fc_icgraph.pdf Graphi
c file (type pdf)
<use dc/dd2/classKeyboard_ad7fce631b48c46c4fbe0428abfda74fc_icgraph.pdf>
Package pdftex.def Info: dc/dd2/classKeyboard_ad7fce631b48c46c4fbe0428abfda74fc
_icgraph.pdf  used on input line 165.
(pdftex.def)             Requested size: 350.0pt x 85.52551pt.

Underfull \hbox (badness 10000) detected at line 183
[][][]
 []

 <./dc/dd2/classKeyboard_a7dd8b4dd403277f702e202c593ed08d5_icgraph.pdf

pdfTeX warning: pdflatex (file ./dc/dd2/classKeyboard_a7dd8b4dd403277f702e202c5
93ed08d5_icgraph.pdf): PDF inclusion: multiple pdfs with page group included in
 a single page
>
<dc/dd2/classKeyboard_a7dd8b4dd403277f702e202c593ed08d5_icgraph.pdf, id=1308, 3
41.275pt x 100.375pt>
File: dc/dd2/classKeyboard_a7dd8b4dd403277f702e202c593ed08d5_icgraph.pdf Graphi
c file (type pdf)
<use dc/dd2/classKeyboard_a7dd8b4dd403277f702e202c593ed08d5_icgraph.pdf>
Package pdftex.def Info: dc/dd2/classKeyboard_a7dd8b4dd403277f702e202c593ed08d5
_icgraph.pdf  used on input line 190.
(pdftex.def)             Requested size: 340.0pt x 100.00562pt.
 [35]
Underfull \hbox (badness 10000) detected at line 208
[][][]
 []

 <./dc/dd2/classKeyboard_a47cd1af5705b6d5c24217744a6feb84a_cgraph.pdf>
<dc/dd2/classKeyboard_a47cd1af5705b6d5c24217744a6feb84a_cgraph.pdf, id=1327, 36
4.36125pt x 100.375pt>
File: dc/dd2/classKeyboard_a47cd1af5705b6d5c24217744a6feb84a_cgraph.pdf Graphic
 file (type pdf)
<use dc/dd2/classKeyboard_a47cd1af5705b6d5c24217744a6feb84a_cgraph.pdf>
Package pdftex.def Info: dc/dd2/classKeyboard_a47cd1af5705b6d5c24217744a6feb84a
_cgraph.pdf  used on input line 215.
(pdftex.def)             Requested size: 350.0pt x 96.42168pt.

Underfull \hbox (badness 1067) in paragraph at lines 211--217
\T1/phv/m/n/10 png/[]Keyboard/key[]Handle[]Key[]Event.[]png eps/[]Keyboard/key[
]Handle[]Key[]Event.[]eps Here is the call graph for this
 []

 <./dc/dd2/classKeyboard_a47cd1af5705b6d5c24217744a6feb84a_icgraph.pdf

pdfTeX warning: pdflatex (file ./dc/dd2/classKeyboard_a47cd1af5705b6d5c24217744
a6feb84a_icgraph.pdf): PDF inclusion: multiple pdfs with page group included in
 a single page
>
<dc/dd2/classKeyboard_a47cd1af5705b6d5c24217744a6feb84a_icgraph.pdf, id=1335, 3
20.19624pt x 100.375pt>
File: dc/dd2/classKeyboard_a47cd1af5705b6d5c24217744a6feb84a_icgraph.pdf Graphi
c file (type pdf)
<use dc/dd2/classKeyboard_a47cd1af5705b6d5c24217744a6feb84a_icgraph.pdf>
Package pdftex.def Info: dc/dd2/classKeyboard_a47cd1af5705b6d5c24217744a6feb84a
_icgraph.pdf  used on input line 222.
(pdftex.def)             Requested size: 319.0pt x 100.00102pt.
 [36]
Underfull \hbox (badness 10000) detected at line 240
[][][]
 []


Underfull \hbox (badness 10000) detected at line 258
[][][]
 []

 <./dc/dd2/classKeyboard_a0ba406c300fc90a3bd348d8a7f471e9f_icgraph.pdf>
<dc/dd2/classKeyboard_a0ba406c300fc90a3bd348d8a7f471e9f_icgraph.pdf, id=1355, 3
30.23375pt x 100.375pt>
File: dc/dd2/classKeyboard_a0ba406c300fc90a3bd348d8a7f471e9f_icgraph.pdf Graphi
c file (type pdf)
<use dc/dd2/classKeyboard_a0ba406c300fc90a3bd348d8a7f471e9f_icgraph.pdf>
Package pdftex.def Info: dc/dd2/classKeyboard_a0ba406c300fc90a3bd348d8a7f471e9f
_icgraph.pdf  used on input line 265.
(pdftex.def)             Requested size: 329.0pt x 100.00409pt.

Underfull \hbox (badness 10000) detected at line 283
[][][]
 []

 <./dc/dd2/classKeyboard_adeefc0fbd6da98d1ce45f3ebdff58af5_icgraph.pdf

pdfTeX warning: pdflatex (file ./dc/dd2/classKeyboard_adeefc0fbd6da98d1ce45f3eb
dff58af5_icgraph.pdf): PDF inclusion: multiple pdfs with page group included in
 a single page
>
<dc/dd2/classKeyboard_adeefc0fbd6da98d1ce45f3ebdff58af5_icgraph.pdf, id=1363, 3
64.36125pt x 138.5175pt>
File: dc/dd2/classKeyboard_adeefc0fbd6da98d1ce45f3ebdff58af5_icgraph.pdf Graphi
c file (type pdf)
<use dc/dd2/classKeyboard_adeefc0fbd6da98d1ce45f3ebdff58af5_icgraph.pdf>
Package pdftex.def Info: dc/dd2/classKeyboard_adeefc0fbd6da98d1ce45f3ebdff58af5
_icgraph.pdf  used on input line 290.
(pdftex.def)             Requested size: 350.0pt x 133.06194pt.
 [37]
Underfull \hbox (badness 10000) detected at line 308
[][][]
 []

 <./dc/dd2/classKeyboard_ad0df3d61c6cd369177379b9d051402bd_cgraph.pdf>
<dc/dd2/classKeyboard_ad0df3d61c6cd369177379b9d051402bd_cgraph.pdf, id=1381, 36
4.36125pt x 100.375pt>
File: dc/dd2/classKeyboard_ad0df3d61c6cd369177379b9d051402bd_cgraph.pdf Graphic
 file (type pdf)
<use dc/dd2/classKeyboard_ad0df3d61c6cd369177379b9d051402bd_cgraph.pdf>
Package pdftex.def Info: dc/dd2/classKeyboard_ad0df3d61c6cd369177379b9d051402bd
_cgraph.pdf  used on input line 315.
(pdftex.def)             Requested size: 350.0pt x 96.42168pt.
 [38]
Underfull \hbox (badness 10000) detected at line 333
[][][]
 []

 <./dc/dd2/classKeyboard_a7e60951ef40673ec9a03ab57815e9981_icgraph.pdf>
<dc/dd2/classKeyboard_a7e60951ef40673ec9a03ab57815e9981_icgraph.pdf, id=1399, 3
09.155pt x 100.375pt>
File: dc/dd2/classKeyboard_a7e60951ef40673ec9a03ab57815e9981_icgraph.pdf Graphi
c file (type pdf)
<use dc/dd2/classKeyboard_a7e60951ef40673ec9a03ab57815e9981_icgraph.pdf>
Package pdftex.def Info: dc/dd2/classKeyboard_a7e60951ef40673ec9a03ab57815e9981
_icgraph.pdf  used on input line 340.
(pdftex.def)             Requested size: 308.0pt x 100.00868pt.

Underfull \hbox (badness 10000) detected at line 358
[][][]
 []

[39]
Underfull \hbox (badness 10000) detected at line 378
[][][]
 []

 <./dc/dd2/classKeyboard_a8d6e7d2493b27ec4dff9293a555e5c8e_icgraph.pdf>
<dc/dd2/classKeyboard_a8d6e7d2493b27ec4dff9293a555e5c8e_icgraph.pdf, id=1418, 3
15.1775pt x 100.375pt>
File: dc/dd2/classKeyboard_a8d6e7d2493b27ec4dff9293a555e5c8e_icgraph.pdf Graphi
c file (type pdf)
<use dc/dd2/classKeyboard_a8d6e7d2493b27ec4dff9293a555e5c8e_icgraph.pdf>
Package pdftex.def Info: dc/dd2/classKeyboard_a8d6e7d2493b27ec4dff9293a555e5c8e
_icgraph.pdf  used on input line 385.
(pdftex.def)             Requested size: 314.0pt x 100.00562pt.
)
(./d9/d1c/classMyRect.tex <./da/db3/classMyRect__inherit__graph.pdf

pdfTeX warning: pdflatex (file ./da/db3/classMyRect__inherit__graph.pdf): PDF i
nclusion: multiple pdfs with page group included in a single page
>
<da/db3/classMyRect__inherit__graph.pdf, id=1428, 242.9075pt x 807.015pt>
File: da/db3/classMyRect__inherit__graph.pdf Graphic file (type pdf)
<use da/db3/classMyRect__inherit__graph.pdf>
Package pdftex.def Info: da/db3/classMyRect__inherit__graph.pdf  used on input 
line 18.
(pdftex.def)             Requested size: 165.54926pt x 550.0pt.
 [40] <./d1/d10/classMyRect__coll__graph.pdf>
<d1/d10/classMyRect__coll__graph.pdf, id=1448, 586.19pt x 347.2975pt>
File: d1/d10/classMyRect__coll__graph.pdf Graphic file (type pdf)
<use d1/d10/classMyRect__coll__graph.pdf>
Package pdftex.def Info: d1/d10/classMyRect__coll__graph.pdf  used on input lin
e 27.
(pdftex.def)             Requested size: 350.0pt x 207.36263pt.
 [41] [42]
LaTeX Font Info:    Font shape `T1/pcr/m/it' in size <7> not available
(Font)              Font shape `T1/pcr/m/sl' tried instead on input line 76.
 [43]
Underfull \hbox (badness 10000) detected at line 131
[][][]
 []

 <./d9/d1c/classMyRect_aba57079a7eb2337d8bab558899fb67c6_icgraph.pdf

pdfTeX warning: pdflatex (file ./d9/d1c/classMyRect_aba57079a7eb2337d8bab558899
fb67c6_icgraph.pdf): PDF inclusion: multiple pdfs with page group included in a
 single page
>
<d9/d1c/classMyRect_aba57079a7eb2337d8bab558899fb67c6_icgraph.pdf, id=1504, 273
.02pt x 100.375pt>
File: d9/d1c/classMyRect_aba57079a7eb2337d8bab558899fb67c6_icgraph.pdf Graphic 
file (type pdf)
<use d9/d1c/classMyRect_aba57079a7eb2337d8bab558899fb67c6_icgraph.pdf>
Package pdftex.def Info: d9/d1c/classMyRect_aba57079a7eb2337d8bab558899fb67c6_i
cgraph.pdf  used on input line 138.
(pdftex.def)             Requested size: 272.0pt x 100.00562pt.

Underfull \hbox (badness 10000) detected at line 156
[][][]
 []

 <./d9/d1c/classMyRect_aaa28af9ede7c38a67be121afb2e2b6b4_icgraph.pdf

pdfTeX warning: pdflatex (file ./d9/d1c/classMyRect_aaa28af9ede7c38a67be121afb2
e2b6b4_icgraph.pdf): PDF inclusion: multiple pdfs with page group included in a
 single page
>
<d9/d1c/classMyRect_aaa28af9ede7c38a67be121afb2e2b6b4_icgraph.pdf, id=1512, 275
.0275pt x 100.375pt>
File: d9/d1c/classMyRect_aaa28af9ede7c38a67be121afb2e2b6b4_icgraph.pdf Graphic 
file (type pdf)
<use d9/d1c/classMyRect_aaa28af9ede7c38a67be121afb2e2b6b4_icgraph.pdf>
Package pdftex.def Info: d9/d1c/classMyRect_aaa28af9ede7c38a67be121afb2e2b6b4_i
cgraph.pdf  used on input line 163.
(pdftex.def)             Requested size: 274.0pt x 100.00868pt.
 [44]
Underfull \hbox (badness 10000) detected at line 181
[][][]
 []

 <./d9/d1c/classMyRect_abf35db87008be9e2a804b603e46fb4e2_icgraph.pdf>
<d9/d1c/classMyRect_abf35db87008be9e2a804b603e46fb4e2_icgraph.pdf, id=1530, 320
.19624pt x 100.375pt>
File: d9/d1c/classMyRect_abf35db87008be9e2a804b603e46fb4e2_icgraph.pdf Graphic 
file (type pdf)
<use d9/d1c/classMyRect_abf35db87008be9e2a804b603e46fb4e2_icgraph.pdf>
Package pdftex.def Info: d9/d1c/classMyRect_abf35db87008be9e2a804b603e46fb4e2_i
cgraph.pdf  used on input line 188.
(pdftex.def)             Requested size: 319.0pt x 100.00102pt.
 <./d9/d1c/classMyRect_a8d82606eca0c71f19e4e51ec047e37f4_icgraph.pdf

pdfTeX warning: pdflatex (file ./d9/d1c/classMyRect_a8d82606eca0c71f19e4e51ec04
7e37f4_icgraph.pdf): PDF inclusion: multiple pdfs with page group included in a
 single page
>
<d9/d1c/classMyRect_a8d82606eca0c71f19e4e51ec047e37f4_icgraph.pdf, id=1538, 291
.0875pt x 100.375pt>
File: d9/d1c/classMyRect_a8d82606eca0c71f19e4e51ec047e37f4_icgraph.pdf Graphic 
file (type pdf)
<use d9/d1c/classMyRect_a8d82606eca0c71f19e4e51ec047e37f4_icgraph.pdf>
Package pdftex.def Info: d9/d1c/classMyRect_a8d82606eca0c71f19e4e51ec047e37f4_i
cgraph.pdf  used on input line 210.
(pdftex.def)             Requested size: 290.0pt x 100.00716pt.
 [45]
Underfull \hbox (badness 10000) detected at line 228
[][][]
 []

) (./d2/d68/classTextBox.tex <./d5/d0d/classTextBox__inherit__graph.pdf>
<d5/d0d/classTextBox__inherit__graph.pdf, id=1559, 242.9075pt x 807.015pt>
File: d5/d0d/classTextBox__inherit__graph.pdf Graphic file (type pdf)
<use d5/d0d/classTextBox__inherit__graph.pdf>
Package pdftex.def Info: d5/d0d/classTextBox__inherit__graph.pdf  used on input
 line 18.
(pdftex.def)             Requested size: 165.54926pt x 550.0pt.

[46] <./d2/dcb/classTextBox__coll__graph.pdf

pdfTeX warning: pdflatex (file ./d2/dcb/classTextBox__coll__graph.pdf): PDF inc
lusion: multiple pdfs with page group included in a single page
>
<d2/dcb/classTextBox__coll__graph.pdf, id=1580, 992.70876pt x 601.24625pt>
File: d2/dcb/classTextBox__coll__graph.pdf Graphic file (type pdf)
<use d2/dcb/classTextBox__coll__graph.pdf>
Package pdftex.def Info: d2/dcb/classTextBox__coll__graph.pdf  used on input li
ne 27.
(pdftex.def)             Requested size: 350.0pt x 211.9806pt.
 [47] [48] [49]
Underfull \hbox (badness 10000) detected at line 152
[][][]
 []

[50]
Underfull \hbox (badness 10000) detected at line 210
[][][]
 []


Underfull \hbox (badness 10000) detected at line 230
[][][]
 []

[51]
Underfull \hbox (badness 10000) detected at line 250
[][][]
 []


Underfull \hbox (badness 10000) detected at line 270
[][][]
 []


Underfull \hbox (badness 10000) detected at line 287
[][][]
 []

[52]
Underfull \hbox (badness 10000) detected at line 307
[][][]
 []

 <./d2/d68/classTextBox_a4225c5a37dfa286b0ad2f2e09fb4b335_icgraph.pdf

pdfTeX warning: pdflatex (file ./d2/d68/classTextBox_a4225c5a37dfa286b0ad2f2e09
fb4b335_icgraph.pdf): PDF inclusion: multiple pdfs with page group included in 
a single page
>
<d2/d68/classTextBox_a4225c5a37dfa286b0ad2f2e09fb4b335_icgraph.pdf, id=1726, 30
0.12125pt x 100.375pt>
File: d2/d68/classTextBox_a4225c5a37dfa286b0ad2f2e09fb4b335_icgraph.pdf Graphic
 file (type pdf)
<use d2/d68/classTextBox_a4225c5a37dfa286b0ad2f2e09fb4b335_icgraph.pdf>
Package pdftex.def Info: d2/d68/classTextBox_a4225c5a37dfa286b0ad2f2e09fb4b335_
icgraph.pdf  used on input line 314.
(pdftex.def)             Requested size: 299.0pt x 100.00868pt.

Underfull \hbox (badness 10000) detected at line 334
[][][]
 []

[53]
Underfull \hbox (badness 10000) detected at line 354
[][][]
 []

 <./d2/d68/classTextBox_afe605dd74dd6f90181038115f8b5283e_icgraph.pdf>
<d2/d68/classTextBox_afe605dd74dd6f90181038115f8b5283e_icgraph.pdf, id=1745, 28
3.0575pt x 100.375pt>
File: d2/d68/classTextBox_afe605dd74dd6f90181038115f8b5283e_icgraph.pdf Graphic
 file (type pdf)
<use d2/d68/classTextBox_afe605dd74dd6f90181038115f8b5283e_icgraph.pdf>
Package pdftex.def Info: d2/d68/classTextBox_afe605dd74dd6f90181038115f8b5283e_
icgraph.pdf  used on input line 361.
(pdftex.def)             Requested size: 282.0pt x 100.00868pt.

Underfull \hbox (badness 10000) detected at line 381
[][][]
 []

 <./d2/d68/classTextBox_a560aa18bf1233da966bd179511ddf2c2_icgraph.pdf

pdfTeX warning: pdflatex (file ./d2/d68/classTextBox_a560aa18bf1233da966bd17951
1ddf2c2_icgraph.pdf): PDF inclusion: multiple pdfs with page group included in 
a single page
>
<d2/d68/classTextBox_a560aa18bf1233da966bd179511ddf2c2_icgraph.pdf, id=1753, 32
8.22626pt x 100.375pt>
File: d2/d68/classTextBox_a560aa18bf1233da966bd179511ddf2c2_icgraph.pdf Graphic
 file (type pdf)
<use d2/d68/classTextBox_a560aa18bf1233da966bd179511ddf2c2_icgraph.pdf>
Package pdftex.def Info: d2/d68/classTextBox_a560aa18bf1233da966bd179511ddf2c2_
icgraph.pdf  used on input line 388.
(pdftex.def)             Requested size: 327.0pt x 100.00102pt.
 [54]
Underfull \hbox (badness 10000) detected at line 408
[][][]
 []

) (./d7/dae/structDocument_1_1Theme.tex <./d7/da3/structDocument_1_1Theme__coll
__graph.pdf>
<d7/da3/structDocument_1_1Theme__coll__graph.pdf, id=1775, 177.66376pt x 262.98
25pt>
File: d7/da3/structDocument_1_1Theme__coll__graph.pdf Graphic file (type pdf)
<use d7/da3/structDocument_1_1Theme__coll__graph.pdf>
Package pdftex.def Info: d7/da3/structDocument_1_1Theme__coll__graph.pdf  used 
on input line 18.
(pdftex.def)             Requested size: 177.0pt x 262.00673pt.
 [55] [56]) (./db/d9f/CmdBox_8h.tex <./d8/d1b/CmdBox_8h__incl.pdf>
<d8/d1b/CmdBox_8h__incl.pdf, id=1811, 2211.26125pt x 325.215pt>
File: d8/d1b/CmdBox_8h__incl.pdf Graphic file (type pdf)
<use d8/d1b/CmdBox_8h__incl.pdf>
Package pdftex.def Info: d8/d1b/CmdBox_8h__incl.pdf  used on input line 8.
(pdftex.def)             Requested size: 350.0pt x 51.4747pt.
 <./d3/dd7/CmdBox_8h__dep__incl.pdf

pdfTeX warning: pdflatex (file ./d3/dd7/CmdBox_8h__dep__incl.pdf): PDF inclusio
n: multiple pdfs with page group included in a single page
>
<d3/dd7/CmdBox_8h__dep__incl.pdf, id=1819, 360.34625pt x 212.795pt>
File: d3/dd7/CmdBox_8h__dep__incl.pdf Graphic file (type pdf)
<use d3/dd7/CmdBox_8h__dep__incl.pdf>
Package pdftex.def Info: d3/dd7/CmdBox_8h__dep__incl.pdf  used on input line 15
.
(pdftex.def)             Requested size: 350.0pt x 206.68362pt.
) (./db/d9f/CmdBox_8h_source.tex [57]) (./df/def/Document_8h.tex <./d3/d88/Docu
ment_8h__incl.pdf>
<d3/d88/Document_8h__incl.pdf, id=1846, 419.5675pt x 156.585pt>
File: d3/d88/Document_8h__incl.pdf Graphic file (type pdf)
<use d3/d88/Document_8h__incl.pdf>
Package pdftex.def Info: d3/d88/Document_8h__incl.pdf  used on input line 16.
(pdftex.def)             Requested size: 350.0pt x 130.62256pt.
 <./dc/d46/Document_8h__dep__incl.pdf

pdfTeX warning: pdflatex (file ./dc/d46/Document_8h__dep__incl.pdf): PDF inclus
ion: multiple pdfs with page group included in a single page
>
<dc/d46/Document_8h__dep__incl.pdf, id=1854, 720.6925pt x 381.425pt>
File: dc/d46/Document_8h__dep__incl.pdf Graphic file (type pdf)
<use dc/d46/Document_8h__dep__incl.pdf>
Package pdftex.def Info: dc/d46/Document_8h__dep__incl.pdf  used on input line 
23.
(pdftex.def)             Requested size: 350.0pt x 185.23534pt.
 [58]) (./df/def/Document_8h_source.tex [59]) (./de/d6e/Editor_8h.tex <./d2/d85
/Editor_8h__incl.pdf

pdfTeX warning: pdflatex (file ./d2/d85/Editor_8h__incl.pdf): PDF inclusion: mu
ltiple pdfs with page group included in a single page
>
<d2/d85/Editor_8h__incl.pdf, id=1915, 1972.36874pt x 381.425pt>
File: d2/d85/Editor_8h__incl.pdf Graphic file (type pdf)
<use d2/d85/Editor_8h__incl.pdf>
Package pdftex.def Info: d2/d85/Editor_8h__incl.pdf  used on input line 21.
(pdftex.def)             Requested size: 350.0pt x 67.68158pt.
 <./db/d88/Editor_8h__dep__incl.pdf

pdfTeX warning: pdflatex (file ./db/d88/Editor_8h__dep__incl.pdf): PDF inclusio
n: multiple pdfs with page group included in a single page
>
<db/d88/Editor_8h__dep__incl.pdf, id=1923, 360.34625pt x 156.585pt>
File: db/d88/Editor_8h__dep__incl.pdf Graphic file (type pdf)
<use db/d88/Editor_8h__dep__incl.pdf>
Package pdftex.def Info: db/d88/Editor_8h__dep__incl.pdf  used on input line 28
.
(pdftex.def)             Requested size: 350.0pt x 152.08795pt.
) (./de/d6e/Editor_8h_source.tex [60]) (./d0/df8/Keyboard_8h.tex <./d5/d66/Keyb
oard_8h__incl.pdf>
<d5/d66/Keyboard_8h__incl.pdf, id=1974, 980.66376pt x 212.795pt>
File: d5/d66/Keyboard_8h__incl.pdf Graphic file (type pdf)
<use d5/d66/Keyboard_8h__incl.pdf>
Package pdftex.def Info: d5/d66/Keyboard_8h__incl.pdf  used on input line 20.
(pdftex.def)             Requested size: 350.0pt x 75.94699pt.
 [61] <./d8/d4c/Keyboard_8h__dep__incl.pdf

pdfTeX warning: pdflatex (file ./d8/d4c/Keyboard_8h__dep__incl.pdf): PDF inclus
ion: multiple pdfs with page group included in a single page
>
<d8/d4c/Keyboard_8h__dep__incl.pdf, id=1987, 515.9275pt x 325.215pt>
File: d8/d4c/Keyboard_8h__dep__incl.pdf Graphic file (type pdf)
<use d8/d4c/Keyboard_8h__dep__incl.pdf>
Package pdftex.def Info: d8/d4c/Keyboard_8h__dep__incl.pdf  used on input line 
27.
(pdftex.def)             Requested size: 350.0pt x 220.62718pt.
) (./d0/df8/Keyboard_8h_source.tex [62]) (./d2/ded/MyRect_8h.tex [63] <./d5/dab
/MyRect_8h__incl.pdf

pdfTeX warning: pdflatex (file ./d5/dab/MyRect_8h__incl.pdf): PDF inclusion: mu
ltiple pdfs with page group included in a single page
>
<d5/dab/MyRect_8h__incl.pdf, id=2062, 1239.63126pt x 156.585pt>
File: d5/dab/MyRect_8h__incl.pdf Graphic file (type pdf)
<use d5/dab/MyRect_8h__incl.pdf>
Package pdftex.def Info: d5/dab/MyRect_8h__incl.pdf  used on input line 19.
(pdftex.def)             Requested size: 350.0pt x 44.20906pt.
 <./d3/df5/MyRect_8h__dep__incl.pdf

pdfTeX warning: pdflatex (file ./d3/df5/MyRect_8h__dep__incl.pdf): PDF inclusio
n: multiple pdfs with page group included in a single page
>
<d3/df5/MyRect_8h__dep__incl.pdf, id=2070, 507.8975pt x 325.215pt>
File: d3/df5/MyRect_8h__dep__incl.pdf Graphic file (type pdf)
<use d3/df5/MyRect_8h__dep__incl.pdf>
Package pdftex.def Info: d3/df5/MyRect_8h__dep__incl.pdf  used on input line 26
.
(pdftex.def)             Requested size: 350.0pt x 224.11574pt.
) (./d2/ded/MyRect_8h_source.tex [64]) (./d6/d16/TextBox_8h.tex <./dd/d78/TextB
ox_8h__incl.pdf>
<dd/d78/TextBox_8h__incl.pdf, id=2113, 2211.26125pt x 269.005pt>
File: dd/d78/TextBox_8h__incl.pdf Graphic file (type pdf)
<use dd/d78/TextBox_8h__incl.pdf>
Package pdftex.def Info: dd/d78/TextBox_8h__incl.pdf  used on input line 21.
(pdftex.def)             Requested size: 350.0pt x 42.57784pt.
 [65] <./df/da4/TextBox_8h__dep__incl.pdf

pdfTeX warning: pdflatex (file ./df/da4/TextBox_8h__dep__incl.pdf): PDF inclusi
on: multiple pdfs with page group included in a single page
>
<df/da4/TextBox_8h__dep__incl.pdf, id=2127, 446.66875pt x 269.005pt>
File: df/da4/TextBox_8h__dep__incl.pdf Graphic file (type pdf)
<use df/da4/TextBox_8h__dep__incl.pdf>
Package pdftex.def Info: df/da4/TextBox_8h__dep__incl.pdf  used on input line 2
8.
(pdftex.def)             Requested size: 350.0pt x 210.79175pt.
) (./d6/d16/TextBox_8h_source.tex [66]) (./da/ddd/README_8md.tex)
(./d0/d20/readme_8md.tex) (./df/d3d/Document_8cpp.tex <./d4/d9f/Document_8cpp__
incl.pdf>
<d4/d9f/Document_8cpp__incl.pdf, id=2178, 1205.50375pt x 212.795pt>
File: d4/d9f/Document_8cpp__incl.pdf Graphic file (type pdf)
<use d4/d9f/Document_8cpp__incl.pdf>
Package pdftex.def Info: d4/d9f/Document_8cpp__incl.pdf  used on input line 26.

(pdftex.def)             Requested size: 350.0pt x 61.7804pt.
 [67]) (./de/dc6/Editor_8cpp.tex <./dc/d3b/Editor_8cpp__incl.pdf>
<dc/d3b/Editor_8cpp__incl.pdf, id=2196, 2067.725pt x 437.635pt>
File: dc/d3b/Editor_8cpp__incl.pdf Graphic file (type pdf)
<use dc/d3b/Editor_8cpp__incl.pdf>
Package pdftex.def Info: dc/d3b/Editor_8cpp__incl.pdf  used on input line 23.
(pdftex.def)             Requested size: 350.0pt x 74.07643pt.
)
(./d4/d31/kamil_8cpp.tex <./de/d4b/kamil_8cpp__incl.pdf

pdfTeX warning: pdflatex (file ./de/d4b/kamil_8cpp__incl.pdf): PDF inclusion: m
ultiple pdfs with page group included in a single page
>
<de/d4b/kamil_8cpp__incl.pdf, id=2204, 1941.2525pt x 437.635pt>
File: de/d4b/kamil_8cpp__incl.pdf Graphic file (type pdf)
<use de/d4b/kamil_8cpp__incl.pdf>
Package pdftex.def Info: de/d4b/kamil_8cpp__incl.pdf  used on input line 14.
(pdftex.def)             Requested size: 350.0pt x 78.90445pt.
 [68] <./d4/d31/kamil_8cpp_a0ddf1224851353fc92bfbff6f499fa97_cgraph.pdf>
<d4/d31/kamil_8cpp_a0ddf1224851353fc92bfbff6f499fa97_cgraph.pdf, id=2221, 264.9
9pt x 176.66pt>
File: d4/d31/kamil_8cpp_a0ddf1224851353fc92bfbff6f499fa97_cgraph.pdf Graphic fi
le (type pdf)
<use d4/d31/kamil_8cpp_a0ddf1224851353fc92bfbff6f499fa97_cgraph.pdf>
Package pdftex.def Info: d4/d31/kamil_8cpp_a0ddf1224851353fc92bfbff6f499fa97_cg
raph.pdf  used on input line 35.
(pdftex.def)             Requested size: 264.0pt x 176.0126pt.
)
(./de/db9/Keyboard_8cpp.tex <./db/d5f/Keyboard_8cpp__incl.pdf

pdfTeX warning: pdflatex (file ./db/d5f/Keyboard_8cpp__incl.pdf): PDF inclusion
: multiple pdfs with page group included in a single page
>
<db/d5f/Keyboard_8cpp__incl.pdf, id=2229, 2002.48125pt x 437.635pt>
File: db/d5f/Keyboard_8cpp__incl.pdf Graphic file (type pdf)
<use db/d5f/Keyboard_8cpp__incl.pdf>
Package pdftex.def Info: db/d5f/Keyboard_8cpp__incl.pdf  used on input line 20.

(pdftex.def)             Requested size: 350.0pt x 76.48709pt.
) (./da/da3/MyRect_8cpp.tex <./de/d11/MyRect_8cpp__incl.pdf

pdfTeX warning: pdflatex (file ./de/d11/MyRect_8cpp__incl.pdf): PDF inclusion: 
multiple pdfs with page group included in a single page
>
<de/d11/MyRect_8cpp__incl.pdf, id=2237, 1239.63126pt x 212.795pt>
File: de/d11/MyRect_8cpp__incl.pdf Graphic file (type pdf)
<use de/d11/MyRect_8cpp__incl.pdf>
Package pdftex.def Info: de/d11/MyRect_8cpp__incl.pdf  used on input line 13.
(pdftex.def)             Requested size: 350.0pt x 60.07896pt.
 [69]) (./dd/deb/TextBox_8cpp.tex <./da/d3c/TextBox_8cpp__incl.pdf>
<da/d3c/TextBox_8cpp__incl.pdf, id=2255, 1935.23pt x 325.215pt>
File: da/d3c/TextBox_8cpp__incl.pdf Graphic file (type pdf)
<use da/d3c/TextBox_8cpp__incl.pdf>
Package pdftex.def Info: da/d3c/TextBox_8cpp__incl.pdf  used on input line 17.
(pdftex.def)             Requested size: 350.0pt x 58.81406pt.
) [70]
(./refman.ind
LaTeX Font Info:    Font shape `T1/phv/bc/n' will be
(Font)              scaled to size 12.9599pt on input line 1.
 [71


] [72] [73]) (./refman.aux)
Package rerunfilecheck Info: File `refman.out' has not changed.
(rerunfilecheck)             Checksum: 751ADDB4C14F2E5E6F361F6153F17608;17359.
 ) 
Here is how much of TeX's memory you used:
 19623 strings out of 476025
 343394 string characters out of 5796532
 1872388 words of memory out of 5000000
 38980 multiletter control sequences out of 15000+600000
 562684 words of font info for 98 fonts, out of 8000000 for 9000
 1141 hyphenation exceptions out of 8191
 101i,16n,117p,694b,736s stack positions out of 5000i,500n,10000p,200000b,80000s
</usr/share/texmf-dist/fonts/type1/public/amsfonts/cm/cmmi10.pfb></usr/share/
texmf-dist/fonts/type1/public/amsfonts/cm/cmmi7.pfb></usr/share/texmf-dist/font
s/type1/public/amsfonts/cm/cmsy10.pfb></usr/share/texmf-dist/fonts/type1/public
/amsfonts/cm/cmsy7.pfb></usr/share/texmf-dist/fonts/type1/public/amsfonts/cm/cm
sy8.pfb></usr/share/texmf-dist/fonts/type1/urw/courier/ucrb8a.pfb></usr/share/t
exmf-dist/fonts/type1/urw/courier/ucrr8a.pfb></usr/share/texmf-dist/fonts/type1
/urw/courier/ucrro8a.pfb></usr/share/texmf-dist/fonts/type1/urw/helvetic/uhvb8a
.pfb></usr/share/texmf-dist/fonts/type1/urw/helvetic/uhvb8ac.pfb></usr/share/te
xmf-dist/fonts/type1/urw/helvetic/uhvr8a.pfb></usr/share/texmf-dist/fonts/type1
/urw/helvetic/uhvro8a.pfb>
Output written on refman.pdf (76 pages, 1405520 bytes).
PDF statistics:
 2682 PDF objects out of 2984 (max. 8388607)
 2332 compressed objects within 24 object streams
 566 named destinations out of 1000 (max. 500000)
 993 words of extra memory for PDF output out of 10000 (max. 10000000)

