\BOOKMARK [0][-]{chapter.1}{\376\377\0001\000\040\000G\000e\000n\000e\000r\000a\000l\000\040\000O\000v\000e\000r\000v\000i\000e\000w}{}% 1
\BOOKMARK [1][-]{section.1.1}{\376\377\0001\000.\0001\000\040\000F\000e\000a\000t\000u\000r\000e\000s}{chapter.1}% 2
\BOOKMARK [1][-]{section.1.2}{\376\377\0001\000.\0002\000\040\000O\000r\000d\000e\000r\000\040\000i\000\040\000s\000h\000o\000u\000l\000d\000\040\000i\000m\000p\000l\000e\000m\000e\000n\000t\000\040\000t\000h\000i\000n\000g\000s}{chapter.1}% 3
\BOOKMARK [1][-]{section.1.3}{\376\377\0001\000.\0003\000\040\000S\000t\000r\000u\000c\000t\000u\000r\000e}{chapter.1}% 4
\BOOKMARK [0][-]{chapter.2}{\376\377\0002\000\040\000N\000a\000m\000e\000s\000p\000a\000c\000e\000\040\000I\000n\000d\000e\000x}{}% 5
\BOOKMARK [1][-]{section.2.1}{\376\377\0002\000.\0001\000\040\000N\000a\000m\000e\000s\000p\000a\000c\000e\000\040\000L\000i\000s\000t}{chapter.2}% 6
\BOOKMARK [0][-]{chapter.3}{\376\377\0003\000\040\000F\000i\000l\000e\000\040\000I\000n\000d\000e\000x}{}% 7
\BOOKMARK [1][-]{section.3.1}{\376\377\0003\000.\0001\000\040\000F\000i\000l\000e\000\040\000L\000i\000s\000t}{chapter.3}% 8
\BOOKMARK [0][-]{chapter.4}{\376\377\0004\000\040\000N\000a\000m\000e\000s\000p\000a\000c\000e\000\040\000D\000o\000c\000u\000m\000e\000n\000t\000a\000t\000i\000o\000n}{}% 9
\BOOKMARK [1][-]{section.4.1}{\376\377\0004\000.\0001\000\040\000C\000o\000m\000m\000a\000n\000d\000\040\000N\000a\000m\000e\000s\000p\000a\000c\000e\000\040\000R\000e\000f\000e\000r\000e\000n\000c\000e}{chapter.4}% 10
\BOOKMARK [1][-]{section.4.2}{\376\377\0004\000.\0002\000\040\000h\000e\000y\000\040\000N\000a\000m\000e\000s\000p\000a\000c\000e\000\040\000R\000e\000f\000e\000r\000e\000n\000c\000e}{chapter.4}% 11
\BOOKMARK [0][-]{chapter.5}{\376\377\0005\000\040\000F\000i\000l\000e\000\040\000D\000o\000c\000u\000m\000e\000n\000t\000a\000t\000i\000o\000n}{}% 12
\BOOKMARK [1][-]{section.5.1}{\376\377\0005\000.\0001\000\040\000s\000r\000c\000/\000D\000o\000c\000u\000m\000e\000n\000t\000.\000c\000p\000p\000\040\000F\000i\000l\000e\000\040\000R\000e\000f\000e\000r\000e\000n\000c\000e}{chapter.5}% 13
\BOOKMARK [1][-]{section.5.2}{\376\377\0005\000.\0002\000\040\000s\000r\000c\000/\000E\000d\000i\000t\000o\000r\000.\000c\000p\000p\000\040\000F\000i\000l\000e\000\040\000R\000e\000f\000e\000r\000e\000n\000c\000e}{chapter.5}% 14
\BOOKMARK [1][-]{section.5.3}{\376\377\0005\000.\0003\000\040\000s\000r\000c\000/\000k\000a\000m\000i\000l\000.\000c\000p\000p\000\040\000F\000i\000l\000e\000\040\000R\000e\000f\000e\000r\000e\000n\000c\000e}{chapter.5}% 15
\BOOKMARK [2][-]{subsection.5.3.1}{\376\377\0005\000.\0003\000.\0001\000\040\000F\000u\000n\000c\000t\000i\000o\000n\000\040\000D\000o\000c\000u\000m\000e\000n\000t\000a\000t\000i\000o\000n}{section.5.3}% 16
\BOOKMARK [3][-]{subsubsection.5.3.1.1}{\376\377\0005\000.\0003\000.\0001\000.\0001\000\040\000m\000a\000i\000n\000\050\000\051}{subsection.5.3.1}% 17
\BOOKMARK [1][-]{section.5.4}{\376\377\0005\000.\0004\000\040\000s\000r\000c\000/\000K\000e\000y\000b\000o\000a\000r\000d\000.\000c\000p\000p\000\040\000F\000i\000l\000e\000\040\000R\000e\000f\000e\000r\000e\000n\000c\000e}{chapter.5}% 18
\BOOKMARK [1][-]{section.5.5}{\376\377\0005\000.\0005\000\040\000s\000r\000c\000/\000M\000y\000R\000e\000c\000t\000.\000c\000p\000p\000\040\000F\000i\000l\000e\000\040\000R\000e\000f\000e\000r\000e\000n\000c\000e}{chapter.5}% 19
\BOOKMARK [1][-]{section.5.6}{\376\377\0005\000.\0006\000\040\000s\000r\000c\000/\000N\000o\000t\000e\000s\000.\000m\000d\000\040\000F\000i\000l\000e\000\040\000R\000e\000f\000e\000r\000e\000n\000c\000e}{chapter.5}% 20
\BOOKMARK [1][-]{section.5.7}{\376\377\0005\000.\0007\000\040\000s\000r\000c\000/\000t\000e\000s\000t\000/\000a\000n\000o\000t\000h\000e\000r\000.\000c\000p\000p\000\040\000F\000i\000l\000e\000\040\000R\000e\000f\000e\000r\000e\000n\000c\000e}{chapter.5}% 21
\BOOKMARK [1][-]{section.5.8}{\376\377\0005\000.\0008\000\040\000s\000r\000c\000/\000t\000e\000s\000t\000/\000b\000u\000i\000l\000d\000/\000C\000M\000a\000k\000e\000F\000i\000l\000e\000s\000/\0003\000.\0002\0006\000.\0002\000/\000C\000o\000m\000p\000i\000l\000e\000r\000I\000d\000C\000/\000C\000M\000a\000k\000e\000C\000C\000o\000m\000p\000i\000l\000e\000r\000I\000d\000.\000c\000\040\000F\000i\000l\000e\000\040\000R\000e\000f\000e\000r\000e\000n\000c\000e}{chapter.5}% 22
\BOOKMARK [2][-]{subsection.5.8.1}{\376\377\0005\000.\0008\000.\0001\000\040\000M\000a\000c\000r\000o\000\040\000D\000e\000f\000i\000n\000i\000t\000i\000o\000n\000\040\000D\000o\000c\000u\000m\000e\000n\000t\000a\000t\000i\000o\000n}{section.5.8}% 23
\BOOKMARK [3][-]{subsubsection.5.8.1.1}{\376\377\0005\000.\0008\000.\0001\000.\0001\000\040\000\137\000\137\000h\000a\000s\000\137\000i\000n\000c\000l\000u\000d\000e}{subsection.5.8.1}% 24
\BOOKMARK [3][-]{subsubsection.5.8.1.2}{\376\377\0005\000.\0008\000.\0001\000.\0002\000\040\000A\000R\000C\000H\000I\000T\000E\000C\000T\000U\000R\000E\000\137\000I\000D}{subsection.5.8.1}% 25
\BOOKMARK [3][-]{subsubsection.5.8.1.3}{\376\377\0005\000.\0008\000.\0001\000.\0003\000\040\000C\000\137\000V\000E\000R\000S\000I\000O\000N}{subsection.5.8.1}% 26
\BOOKMARK [3][-]{subsubsection.5.8.1.4}{\376\377\0005\000.\0008\000.\0001\000.\0004\000\040\000C\000O\000M\000P\000I\000L\000E\000R\000\137\000I\000D}{subsection.5.8.1}% 27
\BOOKMARK [3][-]{subsubsection.5.8.1.5}{\376\377\0005\000.\0008\000.\0001\000.\0005\000\040\000D\000E\000C}{subsection.5.8.1}% 28
\BOOKMARK [3][-]{subsubsection.5.8.1.6}{\376\377\0005\000.\0008\000.\0001\000.\0006\000\040\000H\000E\000X}{subsection.5.8.1}% 29
\BOOKMARK [3][-]{subsubsection.5.8.1.7}{\376\377\0005\000.\0008\000.\0001\000.\0007\000\040\000P\000L\000A\000T\000F\000O\000R\000M\000\137\000I\000D}{subsection.5.8.1}% 30
\BOOKMARK [3][-]{subsubsection.5.8.1.8}{\376\377\0005\000.\0008\000.\0001\000.\0008\000\040\000S\000T\000R\000I\000N\000G\000I\000F\000Y}{subsection.5.8.1}% 31
\BOOKMARK [3][-]{subsubsection.5.8.1.9}{\376\377\0005\000.\0008\000.\0001\000.\0009\000\040\000S\000T\000R\000I\000N\000G\000I\000F\000Y\000\137\000H\000E\000L\000P\000E\000R}{subsection.5.8.1}% 32
\BOOKMARK [2][-]{subsection.5.8.2}{\376\377\0005\000.\0008\000.\0002\000\040\000F\000u\000n\000c\000t\000i\000o\000n\000\040\000D\000o\000c\000u\000m\000e\000n\000t\000a\000t\000i\000o\000n}{section.5.8}% 33
\BOOKMARK [3][-]{subsubsection.5.8.2.1}{\376\377\0005\000.\0008\000.\0002\000.\0001\000\040\000m\000a\000i\000n\000\050\000\051}{subsection.5.8.2}% 34
\BOOKMARK [2][-]{subsection.5.8.3}{\376\377\0005\000.\0008\000.\0003\000\040\000V\000a\000r\000i\000a\000b\000l\000e\000\040\000D\000o\000c\000u\000m\000e\000n\000t\000a\000t\000i\000o\000n}{section.5.8}% 35
\BOOKMARK [3][-]{subsubsection.5.8.3.1}{\376\377\0005\000.\0008\000.\0003\000.\0001\000\040\000i\000n\000f\000o\000\137\000a\000r\000c\000h}{subsection.5.8.3}% 36
\BOOKMARK [3][-]{subsubsection.5.8.3.2}{\376\377\0005\000.\0008\000.\0003\000.\0002\000\040\000i\000n\000f\000o\000\137\000c\000o\000m\000p\000i\000l\000e\000r}{subsection.5.8.3}% 37
\BOOKMARK [3][-]{subsubsection.5.8.3.3}{\376\377\0005\000.\0008\000.\0003\000.\0003\000\040\000i\000n\000f\000o\000\137\000l\000a\000n\000g\000u\000a\000g\000e\000\137\000e\000x\000t\000e\000n\000s\000i\000o\000n\000s\000\137\000d\000e\000f\000a\000u\000l\000t}{subsection.5.8.3}% 38
\BOOKMARK [3][-]{subsubsection.5.8.3.4}{\376\377\0005\000.\0008\000.\0003\000.\0004\000\040\000i\000n\000f\000o\000\137\000l\000a\000n\000g\000u\000a\000g\000e\000\137\000s\000t\000a\000n\000d\000a\000r\000d\000\137\000d\000e\000f\000a\000u\000l\000t}{subsection.5.8.3}% 39
\BOOKMARK [3][-]{subsubsection.5.8.3.5}{\376\377\0005\000.\0008\000.\0003\000.\0005\000\040\000i\000n\000f\000o\000\137\000p\000l\000a\000t\000f\000o\000r\000m}{subsection.5.8.3}% 40
\BOOKMARK [1][-]{section.5.9}{\376\377\0005\000.\0009\000\040\000s\000r\000c\000/\000t\000e\000s\000t\000/\000b\000u\000i\000l\000d\000/\000C\000M\000a\000k\000e\000F\000i\000l\000e\000s\000/\0003\000.\0002\0006\000.\0002\000/\000C\000o\000m\000p\000i\000l\000e\000r\000I\000d\000C\000X\000X\000/\000C\000M\000a\000k\000e\000C\000X\000X\000C\000o\000m\000p\000i\000l\000e\000r\000I\000d\000.\000c\000p\000p\000\040\000F\000i\000l\000e\000\040\000R\000e\000f\000e\000r\000e\000n\000c\000e}{chapter.5}% 41
\BOOKMARK [2][-]{subsection.5.9.1}{\376\377\0005\000.\0009\000.\0001\000\040\000M\000a\000c\000r\000o\000\040\000D\000e\000f\000i\000n\000i\000t\000i\000o\000n\000\040\000D\000o\000c\000u\000m\000e\000n\000t\000a\000t\000i\000o\000n}{section.5.9}% 42
\BOOKMARK [3][-]{subsubsection.5.9.1.1}{\376\377\0005\000.\0009\000.\0001\000.\0001\000\040\000\137\000\137\000h\000a\000s\000\137\000i\000n\000c\000l\000u\000d\000e}{subsection.5.9.1}% 43
\BOOKMARK [3][-]{subsubsection.5.9.1.2}{\376\377\0005\000.\0009\000.\0001\000.\0002\000\040\000A\000R\000C\000H\000I\000T\000E\000C\000T\000U\000R\000E\000\137\000I\000D}{subsection.5.9.1}% 44
\BOOKMARK [3][-]{subsubsection.5.9.1.3}{\376\377\0005\000.\0009\000.\0001\000.\0003\000\040\000C\000O\000M\000P\000I\000L\000E\000R\000\137\000I\000D}{subsection.5.9.1}% 45
\BOOKMARK [3][-]{subsubsection.5.9.1.4}{\376\377\0005\000.\0009\000.\0001\000.\0004\000\040\000C\000X\000X\000\137\000S\000T\000D}{subsection.5.9.1}% 46
\BOOKMARK [3][-]{subsubsection.5.9.1.5}{\376\377\0005\000.\0009\000.\0001\000.\0005\000\040\000D\000E\000C}{subsection.5.9.1}% 47
\BOOKMARK [3][-]{subsubsection.5.9.1.6}{\376\377\0005\000.\0009\000.\0001\000.\0006\000\040\000H\000E\000X}{subsection.5.9.1}% 48
\BOOKMARK [3][-]{subsubsection.5.9.1.7}{\376\377\0005\000.\0009\000.\0001\000.\0007\000\040\000P\000L\000A\000T\000F\000O\000R\000M\000\137\000I\000D}{subsection.5.9.1}% 49
\BOOKMARK [3][-]{subsubsection.5.9.1.8}{\376\377\0005\000.\0009\000.\0001\000.\0008\000\040\000S\000T\000R\000I\000N\000G\000I\000F\000Y}{subsection.5.9.1}% 50
\BOOKMARK [3][-]{subsubsection.5.9.1.9}{\376\377\0005\000.\0009\000.\0001\000.\0009\000\040\000S\000T\000R\000I\000N\000G\000I\000F\000Y\000\137\000H\000E\000L\000P\000E\000R}{subsection.5.9.1}% 51
\BOOKMARK [2][-]{subsection.5.9.2}{\376\377\0005\000.\0009\000.\0002\000\040\000F\000u\000n\000c\000t\000i\000o\000n\000\040\000D\000o\000c\000u\000m\000e\000n\000t\000a\000t\000i\000o\000n}{section.5.9}% 52
\BOOKMARK [3][-]{subsubsection.5.9.2.1}{\376\377\0005\000.\0009\000.\0002\000.\0001\000\040\000m\000a\000i\000n\000\050\000\051}{subsection.5.9.2}% 53
\BOOKMARK [2][-]{subsection.5.9.3}{\376\377\0005\000.\0009\000.\0003\000\040\000V\000a\000r\000i\000a\000b\000l\000e\000\040\000D\000o\000c\000u\000m\000e\000n\000t\000a\000t\000i\000o\000n}{section.5.9}% 54
\BOOKMARK [3][-]{subsubsection.5.9.3.1}{\376\377\0005\000.\0009\000.\0003\000.\0001\000\040\000i\000n\000f\000o\000\137\000a\000r\000c\000h}{subsection.5.9.3}% 55
\BOOKMARK [3][-]{subsubsection.5.9.3.2}{\376\377\0005\000.\0009\000.\0003\000.\0002\000\040\000i\000n\000f\000o\000\137\000c\000o\000m\000p\000i\000l\000e\000r}{subsection.5.9.3}% 56
\BOOKMARK [3][-]{subsubsection.5.9.3.3}{\376\377\0005\000.\0009\000.\0003\000.\0003\000\040\000i\000n\000f\000o\000\137\000l\000a\000n\000g\000u\000a\000g\000e\000\137\000e\000x\000t\000e\000n\000s\000i\000o\000n\000s\000\137\000d\000e\000f\000a\000u\000l\000t}{subsection.5.9.3}% 57
\BOOKMARK [3][-]{subsubsection.5.9.3.4}{\376\377\0005\000.\0009\000.\0003\000.\0004\000\040\000i\000n\000f\000o\000\137\000l\000a\000n\000g\000u\000a\000g\000e\000\137\000s\000t\000a\000n\000d\000a\000r\000d\000\137\000d\000e\000f\000a\000u\000l\000t}{subsection.5.9.3}% 58
\BOOKMARK [3][-]{subsubsection.5.9.3.5}{\376\377\0005\000.\0009\000.\0003\000.\0005\000\040\000i\000n\000f\000o\000\137\000p\000l\000a\000t\000f\000o\000r\000m}{subsection.5.9.3}% 59
\BOOKMARK [1][-]{section.5.10}{\376\377\0005\000.\0001\0000\000\040\000s\000r\000c\000/\000t\000e\000s\000t\000/\000b\000u\000i\000l\000d\000/\000C\000M\000a\000k\000e\000F\000i\000l\000e\000s\000/\000t\000e\000s\000t\000.\000d\000i\000r\000/\000m\000a\000i\000n\000.\000c\000p\000p\000.\000o\000.\000d\000\040\000F\000i\000l\000e\000\040\000R\000e\000f\000e\000r\000e\000n\000c\000e}{chapter.5}% 60
\BOOKMARK [1][-]{section.5.11}{\376\377\0005\000.\0001\0001\000\040\000s\000r\000c\000/\000t\000e\000s\000t\000/\000h\000e\000y\000.\000p\000y\000\040\000F\000i\000l\000e\000\040\000R\000e\000f\000e\000r\000e\000n\000c\000e}{chapter.5}% 61
\BOOKMARK [1][-]{section.5.12}{\376\377\0005\000.\0001\0002\000\040\000s\000r\000c\000/\000t\000e\000s\000t\000/\000m\000a\000i\000n\000.\000c\000p\000p\000\040\000F\000i\000l\000e\000\040\000R\000e\000f\000e\000r\000e\000n\000c\000e}{chapter.5}% 62
\BOOKMARK [2][-]{subsection.5.12.1}{\376\377\0005\000.\0001\0002\000.\0001\000\040\000F\000u\000n\000c\000t\000i\000o\000n\000\040\000D\000o\000c\000u\000m\000e\000n\000t\000a\000t\000i\000o\000n}{section.5.12}% 63
\BOOKMARK [3][-]{subsubsection.5.12.1.1}{\376\377\0005\000.\0001\0002\000.\0001\000.\0001\000\040\000d\000e\000l\000e\000t\000e\000C\000h\000a\000r\000\050\000\051}{subsection.5.12.1}% 64
\BOOKMARK [3][-]{subsubsection.5.12.1.2}{\376\377\0005\000.\0001\0002\000.\0001\000.\0002\000\040\000d\000e\000l\000e\000t\000e\000O\000t\000h\000e\000r\000C\000h\000a\000r\000\050\000\051}{subsection.5.12.1}% 65
\BOOKMARK [3][-]{subsubsection.5.12.1.3}{\376\377\0005\000.\0001\0002\000.\0001\000.\0003\000\040\000m\000a\000i\000n\000\050\000\051}{subsection.5.12.1}% 66
\BOOKMARK [1][-]{section.5.13}{\376\377\0005\000.\0001\0003\000\040\000s\000r\000c\000/\000t\000e\000s\000t\000/\000t\000e\000s\000t\000.\000c\000p\000p\000\040\000F\000i\000l\000e\000\040\000R\000e\000f\000e\000r\000e\000n\000c\000e}{chapter.5}% 67
\BOOKMARK [2][-]{subsection.5.13.1}{\376\377\0005\000.\0001\0003\000.\0001\000\040\000F\000u\000n\000c\000t\000i\000o\000n\000\040\000D\000o\000c\000u\000m\000e\000n\000t\000a\000t\000i\000o\000n}{section.5.13}% 68
\BOOKMARK [3][-]{subsubsection.5.13.1.1}{\376\377\0005\000.\0001\0003\000.\0001\000.\0001\000\040\000m\000a\000i\000n\000\050\000\051}{subsection.5.13.1}% 69
\BOOKMARK [1][-]{section.5.14}{\376\377\0005\000.\0001\0004\000\040\000s\000r\000c\000/\000T\000e\000x\000t\000B\000o\000x\000.\000c\000p\000p\000\040\000F\000i\000l\000e\000\040\000R\000e\000f\000e\000r\000e\000n\000c\000e}{chapter.5}% 70
\BOOKMARK [1][-]{section.5.15}{\376\377\0005\000.\0001\0005\000\040\000s\000r\000c\000/\000U\000t\000i\000l\000s\000/\000S\000t\000a\000c\000k\000.\000c\000p\000p\000\040\000F\000i\000l\000e\000\040\000R\000e\000f\000e\000r\000e\000n\000c\000e}{chapter.5}% 71
\BOOKMARK [1][-]{section.5.16}{\376\377\0005\000.\0001\0006\000\040\000s\000r\000c\000/\000U\000t\000i\000l\000s\000/\000t\000e\000t\000.\000c\000p\000p\000\040\000F\000i\000l\000e\000\040\000R\000e\000f\000e\000r\000e\000n\000c\000e}{chapter.5}% 72
\BOOKMARK [2][-]{subsection.5.16.1}{\376\377\0005\000.\0001\0006\000.\0001\000\040\000F\000u\000n\000c\000t\000i\000o\000n\000\040\000D\000o\000c\000u\000m\000e\000n\000t\000a\000t\000i\000o\000n}{section.5.16}% 73
\BOOKMARK [3][-]{subsubsection.5.16.1.1}{\376\377\0005\000.\0001\0006\000.\0001\000.\0001\000\040\000m\000a\000i\000n\000\050\000\051}{subsection.5.16.1}% 74
\BOOKMARK [0][-]{section*.13}{\376\377\000I\000n\000d\000e\000x}{}% 75
